#
# There is insufficient memory for the Java Runtime Environment to continue.
# Native memory allocation (malloc) failed to allocate 1872016 bytes for Chunk::new
# Possible reasons:
#   The system is out of physical RAM or swap space
#   The process is running with CompressedOops enabled, and the Java Heap may be blocking the growth of the native heap
# Possible solutions:
#   Reduce memory load on the system
#   Increase physical memory or swap space
#   Check if swap backing store is full
#   Decrease Java heap size (-Xmx/-Xms)
#   Decrease number of Java threads
#   Decrease Java thread stack sizes (-Xss)
#   Set larger code cache with -XX:ReservedCodeCacheSize=
#   JVM is running with Unscaled Compressed Oops mode in which the Java heap is
#     placed in the first 4GB address space. The Java Heap base address is the
#     maximum limit for the native heap growth. Please use -XX:HeapBaseMinAddress
#     to set the Java Heap base and to place the Java Heap above 4GB virtual address.
# This output file may be truncated or incomplete.
#
#  Out of Memory Error (allocation.cpp:389), pid=10740, tid=0x0000000000002600
#
# JRE version: Java(TM) SE Runtime Environment (8.0_231-b11) (build 1.8.0_231-b11)
# Java VM: Java HotSpot(TM) 64-Bit Server VM (25.231-b11 mixed mode windows-amd64 compressed oops)
# Failed to write core dump. Minidumps are not enabled by default on client versions of Windows
#

---------------  T H R E A D  ---------------

Current thread (0x000000001544e000):  JavaThread "C2 CompilerThread1" daemon [_thread_in_native, id=9728, stack(0x0000000016b90000,0x0000000016c90000)]

Stack: [0x0000000016b90000,0x0000000016c90000]
[error occurred during error reporting (printing stack bounds), id 0xc0000005]

Native frames: (J=compiled Java code, j=interpreted, Vv=VM code, C=native code)


Current CompileTask:
C2:  52332 17594       4       org.objectweb.asm.ClassReader::readCode (5089 bytes)


---------------  P R O C E S S  ---------------

Java Threads: ( => current thread )
  0x000000001e250800 JavaThread "Cache worker for Java compile cache (D:\walhalla\TTDwn\AndroidStudioSourceCode\.gradle\6.1.1\javaCompile)" [_thread_blocked, id=9160, stack(0x0000000027590000,0x0000000027690000)]
  0x000000001e24e800 JavaThread "Cache worker for Java compile cache (C:\Users\combo\.gradle\caches\6.1.1\javaCompile)" [_thread_blocked, id=5100, stack(0x0000000027490000,0x0000000027590000)]
  0x000000001e24d000 JavaThread "stdout" [_thread_in_native, id=7776, stack(0x0000000027390000,0x0000000027490000)]
  0x000000001e24a000 JavaThread "stderr" [_thread_in_native, id=2404, stack(0x0000000027290000,0x0000000027390000)]
  0x000000001e24e000 JavaThread "stdout" [_thread_in_native, id=7380, stack(0x0000000027190000,0x0000000027290000)]
  0x000000001e24c800 JavaThread "stderr" [_thread_in_native, id=6940, stack(0x0000000027090000,0x0000000027190000)]
  0x000000001e24b800 JavaThread "stdout" [_thread_in_native, id=7296, stack(0x0000000026f90000,0x0000000027090000)]
  0x000000001e24f800 JavaThread "stderr" [_thread_in_native, id=5360, stack(0x0000000026e90000,0x0000000026f90000)]
  0x000000001e24b000 JavaThread "stdout" [_thread_in_native, id=9144, stack(0x0000000026d90000,0x0000000026e90000)]
  0x000000001e242800 JavaThread "stderr" [_thread_in_native, id=3092, stack(0x0000000026c90000,0x0000000026d90000)]
  0x000000001e249800 JavaThread "pool-6-thread-1" [_thread_blocked, id=7120, stack(0x0000000026b90000,0x0000000026c90000)]
  0x000000001e248800 JavaThread "WorkerExecutor Queue Thread 5" [_thread_blocked, id=4528, stack(0x0000000026a90000,0x0000000026b90000)]
  0x000000001e248000 JavaThread "Java2D Disposer" daemon [_thread_blocked, id=4312, stack(0x0000000026990000,0x0000000026a90000)]
  0x000000001e247000 JavaThread "WorkerExecutor Queue Thread 4" [_thread_blocked, id=8216, stack(0x0000000026450000,0x0000000026550000)]
  0x000000001e242000 JavaThread "WorkerExecutor Queue Thread 2" [_thread_blocked, id=5012, stack(0x0000000026250000,0x0000000026350000)]
  0x000000001e245800 JavaThread "WorkerExecutor Queue" [_thread_blocked, id=1524, stack(0x0000000026150000,0x0000000026250000)]
  0x0000000018f2f800 JavaThread "Cache worker for execution history cache (D:\walhalla\TTDwn\AndroidStudioSourceCode\.gradle\6.1.1\executionHistory)" [_thread_blocked, id=740, stack(0x0000000025d50000,0x0000000025e50000)]
  0x0000000018f2f000 JavaThread "Execution worker for ':' Thread 3" [_thread_blocked, id=9380, stack(0x0000000025c50000,0x0000000025d50000)]
  0x0000000018f31000 JavaThread "Execution worker for ':' Thread 2" [_thread_in_vm, id=10812, stack(0x0000000025b50000,0x0000000025c50000)]
  0x0000000018f2e000 JavaThread "Execution worker for ':'" [_thread_blocked, id=8684, stack(0x0000000025a50000,0x0000000025b50000)]
  0x000000001b704000 JavaThread "Cache worker for file content cache (D:\walhalla\TTDwn\AndroidStudioSourceCode\.gradle\6.1.1\fileContent)" [_thread_blocked, id=4148, stack(0x0000000025950000,0x0000000025a50000)]
  0x000000001b706000 JavaThread "Cache worker for file content cache (C:\Users\combo\.gradle\caches\6.1.1\fileContent)" [_thread_blocked, id=8092, stack(0x0000000025850000,0x0000000025950000)]
  0x000000001b704800 JavaThread "Memory manager" [_thread_blocked, id=7384, stack(0x0000000025750000,0x0000000025850000)]
  0x000000001b703000 JavaThread "Cache worker for Build Output Cleanup Cache (D:\walhalla\TTDwn\AndroidStudioSourceCode\.gradle\buildOutputCleanup)" [_thread_blocked, id=11180, stack(0x0000000025650000,0x0000000025750000)]
  0x000000001b705800 JavaThread "Build operations Thread 4" [_thread_blocked, id=10996, stack(0x0000000025550000,0x0000000025650000)]
  0x000000001b707000 JavaThread "Build operations Thread 3" [_thread_blocked, id=3208, stack(0x0000000025450000,0x0000000025550000)]
  0x000000001b6fb800 JavaThread "Build operations Thread 2" [_thread_blocked, id=6780, stack(0x0000000025350000,0x0000000025450000)]
  0x000000001b701000 JavaThread "Build operations" [_thread_blocked, id=3332, stack(0x0000000025250000,0x0000000025350000)]
  0x000000001b701800 JavaThread "Cache worker for cache directory md-rule (C:\Users\combo\.gradle\caches\6.1.1\md-rule)" [_thread_blocked, id=1288, stack(0x0000000025150000,0x0000000025250000)]
  0x000000001b702800 JavaThread "Cache worker for cache directory md-supplier (C:\Users\combo\.gradle\caches\6.1.1\md-supplier)" [_thread_blocked, id=2664, stack(0x0000000025050000,0x0000000025150000)]
  0x000000001b6f9800 JavaThread "Cache worker for file hash cache (D:\walhalla\TTDwn\AndroidStudioSourceCode\.gradle\6.1.1\fileHashes)" [_thread_blocked, id=11204, stack(0x0000000024f50000,0x0000000025050000)]
  0x000000001b700000 JavaThread "Cache worker for checksums cache (D:\walhalla\TTDwn\AndroidStudioSourceCode\.gradle\checksums)" [_thread_blocked, id=2764, stack(0x0000000024e50000,0x0000000024f50000)]
  0x000000001b6f8800 JavaThread "Thread-26" [_thread_blocked, id=956, stack(0x0000000024d50000,0x0000000024e50000)]
  0x000000001b6ff800 JavaThread "Stdin handler" [_thread_blocked, id=1520, stack(0x0000000024c50000,0x0000000024d50000)]
  0x000000001b6fe800 JavaThread "Asynchronous log dispatcher for DefaultDaemonConnection: socket connection from /127.0.0.1:16885 to /127.0.0.1:16908" [_thread_blocked, id=3276, stack(0x0000000024b50000,0x0000000024c50000)]
  0x000000001b6fb000 JavaThread "Cancel handler" [_thread_blocked, id=10456, stack(0x0000000024a50000,0x0000000024b50000)]
  0x000000001b6fd000 JavaThread "Handler for socket connection from /127.0.0.1:16885 to /127.0.0.1:16908" [_thread_in_native, id=6592, stack(0x0000000024950000,0x0000000024a50000)]
  0x0000000018f2a800 JavaThread "Cache worker for execution history cache (C:\Users\combo\.gradle\caches\6.1.1\executionHistory)" [_thread_blocked, id=1232, stack(0x000000001f440000,0x000000001f540000)]
  0x0000000018f2d800 JavaThread "Cache worker for file hash cache (C:\Users\combo\.gradle\caches\6.1.1\fileHashes)" [_thread_blocked, id=9228, stack(0x000000001b2e0000,0x000000001b3e0000)]
  0x0000000018f2c800 JavaThread "File lock request listener" [_thread_in_native, id=6896, stack(0x000000001b1e0000,0x000000001b2e0000)]
  0x0000000018f2c000 JavaThread "Cache worker for journal cache (C:\Users\combo\.gradle\caches\journal-1)" [_thread_blocked, id=9024, stack(0x000000001b0e0000,0x000000001b1e0000)]
  0x0000000018f7c800 JavaThread "Daemon worker" [_thread_blocked, id=1628, stack(0x000000001aae0000,0x000000001abe0000)]
  0x0000000018b59800 JavaThread "Daemon" [_thread_blocked, id=1212, stack(0x000000001a5e0000,0x000000001a6e0000)]
  0x0000000018f32800 JavaThread "Daemon periodic checks" [_thread_blocked, id=11236, stack(0x000000001a4e0000,0x000000001a5e0000)]
  0x0000000018edf000 JavaThread "Incoming local TCP Connector on port 16885" [_thread_in_native, id=10128, stack(0x000000001a290000,0x000000001a390000)]
  0x0000000017409800 JavaThread "Daemon health stats" [_thread_blocked, id=7956, stack(0x0000000018b60000,0x0000000018c60000)]
  0x0000000016dc0800 JavaThread "Service Thread" daemon [_thread_blocked, id=2952, stack(0x0000000017190000,0x0000000017290000)]
  0x0000000015458800 JavaThread "C1 CompilerThread2" daemon [_thread_blocked, id=5868, stack(0x0000000016c90000,0x0000000016d90000)]
=>0x000000001544e000 JavaThread "C2 CompilerThread1" daemon [_thread_in_native, id=9728, stack(0x0000000016b90000,0x0000000016c90000)]
  0x000000001544c000 JavaThread "C2 CompilerThread0" daemon [_thread_blocked, id=6900, stack(0x0000000016a90000,0x0000000016b90000)]
  0x0000000015449000 JavaThread "Attach Listener" daemon [_thread_blocked, id=5180, stack(0x0000000016990000,0x0000000016a90000)]
  0x0000000015447000 JavaThread "Signal Dispatcher" daemon [_thread_blocked, id=4744, stack(0x0000000016890000,0x0000000016990000)]
  0x0000000002d6c000 JavaThread "Finalizer" daemon [_thread_blocked, id=10484, stack(0x0000000016690000,0x0000000016790000)]
  0x0000000015429800 JavaThread "Reference Handler" daemon [_thread_blocked, id=11224, stack(0x0000000016590000,0x0000000016690000)]
  0x0000000002c73800 JavaThread "main" [_thread_blocked, id=7996, stack(0x0000000002ab0000,0x0000000002bb0000)]

Other Threads:
  0x0000000015407800 VMThread [stack: 0x0000000016490000,0x0000000016590000] [id=3996]
  0x0000000016dc1800 WatcherThread [stack: 0x0000000017290000,0x0000000017390000] [id=7564]

VM state:not at safepoint (normal execution)

VM Mutex/Monitor currently owned by a thread: None

heap address: 0x00000000c0000000, size: 1024 MB, Compressed Oops mode: 32-bit
Narrow klass base: 0x0000000000000000, Narrow klass shift: 3
Compressed class space size: 1073741824 Address: 0x0000000100000000

Heap:
 PSYoungGen      total 257024K, used 95700K [0x00000000eab00000, 0x00000000fea00000, 0x0000000100000000)
  eden space 202240K, 47% used [0x00000000eab00000,0x00000000f08752d8,0x00000000f7080000)
  from space 54784K, 0% used [0x00000000f7080000,0x00000000f7080000,0x00000000fa600000)
  to   space 51712K, 0% used [0x00000000fb780000,0x00000000fb780000,0x00000000fea00000)
 ParOldGen       total 267264K, used 84738K [0x00000000c0000000, 0x00000000d0500000, 0x00000000eab00000)
  object space 267264K, 31% used [0x00000000c0000000,0x00000000c52c0b68,0x00000000d0500000)
 Metaspace       used 99005K, capacity 103244K, committed 103680K, reserved 1138688K
  class space    used 13043K, capacity 13998K, committed 14080K, reserved 1048576K

Card table byte_map: [0x0000000012130000,0x0000000012340000] byte_map_base: 0x0000000011b30000

Marking Bits: (ParMarkBitMap*) 0x0000000059546d90
 Begin Bits: [0x00000000128a0000, 0x00000000138a0000)
 End Bits:   [0x00000000138a0000, 0x00000000148a0000)

Polling page: 0x0000000000d30000

CodeCache: size=245760Kb used=50090Kb max_used=50090Kb free=195669Kb
 bounds [0x0000000002d70000, 0x0000000005e90000, 0x0000000011d70000]
 total_blobs=15869 nmethods=14884 adapters=895
 compilation: enabled

Compilation events (10 events):
Event: 52.106 Thread 0x000000001544c000 17615       4       java.lang.String::regionMatches (149 bytes)
Event: 52.112 Thread 0x0000000015458800 17616       3       org.gradle.api.internal.file.pattern.PatternMatcher$Or::test (47 bytes)
Event: 52.112 Thread 0x0000000015458800 nmethod 17616 0x0000000005e76e50 code [0x0000000005e77000, 0x0000000005e77658]
Event: 52.114 Thread 0x000000001544c000 nmethod 17615 0x0000000005e7ac50 code [0x0000000005e7ade0, 0x0000000005e7b5f8]
Event: 52.115 Thread 0x0000000015458800 17617       3       org.gradle.api.specs.Specs::union (18 bytes)
Event: 52.115 Thread 0x0000000015458800 nmethod 17617 0x0000000005e7a650 code [0x0000000005e7a7e0, 0x0000000005e7ab18]
Event: 52.115 Thread 0x0000000015458800 17618       3       org.gradle.internal.fingerprint.impl.RelativePathFingerprintingStrategy$1::preVisitDirectory (87 bytes)
Event: 52.116 Thread 0x0000000015458800 nmethod 17618 0x0000000005e79290 code [0x0000000005e794a0, 0x0000000005e7a0b8]
Event: 52.119 Thread 0x0000000015458800 17619       3       org.gradle.internal.service.DefaultServiceRegistry$CompositeServiceProvider::getFactory (49 bytes)
Event: 52.119 Thread 0x0000000015458800 nmethod 17619 0x0000000005e78c50 code [0x0000000005e78dc0, 0x0000000005e79108]

GC Heap History (10 events):
Event: 31.135 GC heap before
{Heap before GC invocations=21 (full 3):
 PSYoungGen      total 202752K, used 202720K [0x00000000eab00000, 0x00000000fae80000, 0x0000000100000000)
  eden space 169472K, 100% used [0x00000000eab00000,0x00000000f5080000,0x00000000f5080000)
  from space 33280K, 99% used [0x00000000f5080000,0x00000000f70f8070,0x00000000f7100000)
  to   space 39936K, 0% used [0x00000000f8780000,0x00000000f8780000,0x00000000fae80000)
 ParOldGen       total 158720K, used 64091K [0x00000000c0000000, 0x00000000c9b00000, 0x00000000eab00000)
  object space 158720K, 40% used [0x00000000c0000000,0x00000000c3e96f58,0x00000000c9b00000)
 Metaspace       used 87009K, capacity 91196K, committed 91264K, reserved 1128448K
  class space    used 11734K, capacity 12642K, committed 12672K, reserved 1048576K
Event: 31.200 GC heap after
Heap after GC invocations=21 (full 3):
 PSYoungGen      total 220160K, used 39466K [0x00000000eab00000, 0x00000000fba80000, 0x0000000100000000)
  eden space 180224K, 0% used [0x00000000eab00000,0x00000000eab00000,0x00000000f5b00000)
  from space 39936K, 98% used [0x00000000f8780000,0x00000000fae0a978,0x00000000fae80000)
  to   space 45568K, 0% used [0x00000000f5b00000,0x00000000f5b00000,0x00000000f8780000)
 ParOldGen       total 158720K, used 79137K [0x00000000c0000000, 0x00000000c9b00000, 0x00000000eab00000)
  object space 158720K, 49% used [0x00000000c0000000,0x00000000c4d48490,0x00000000c9b00000)
 Metaspace       used 87009K, capacity 91196K, committed 91264K, reserved 1128448K
  class space    used 11734K, capacity 12642K, committed 12672K, reserved 1048576K
}
Event: 33.572 GC heap before
{Heap before GC invocations=22 (full 3):
 PSYoungGen      total 220160K, used 219690K [0x00000000eab00000, 0x00000000fba80000, 0x0000000100000000)
  eden space 180224K, 100% used [0x00000000eab00000,0x00000000f5b00000,0x00000000f5b00000)
  from space 39936K, 98% used [0x00000000f8780000,0x00000000fae0a978,0x00000000fae80000)
  to   space 45568K, 0% used [0x00000000f5b00000,0x00000000f5b00000,0x00000000f8780000)
 ParOldGen       total 158720K, used 79137K [0x00000000c0000000, 0x00000000c9b00000, 0x00000000eab00000)
  object space 158720K, 49% used [0x00000000c0000000,0x00000000c4d48490,0x00000000c9b00000)
 Metaspace       used 89559K, capacity 93804K, committed 94080K, reserved 1130496K
  class space    used 11990K, capacity 12912K, committed 12928K, reserved 1048576K
Event: 33.643 GC heap after
Heap after GC invocations=22 (full 3):
 PSYoungGen      total 225792K, used 45549K [0x00000000eab00000, 0x00000000fde80000, 0x0000000100000000)
  eden space 180224K, 0% used [0x00000000eab00000,0x00000000eab00000,0x00000000f5b00000)
  from space 45568K, 99% used [0x00000000f5b00000,0x00000000f877b730,0x00000000f8780000)
  to   space 56832K, 0% used [0x00000000fa700000,0x00000000fa700000,0x00000000fde80000)
 ParOldGen       total 158720K, used 90218K [0x00000000c0000000, 0x00000000c9b00000, 0x00000000eab00000)
  object space 158720K, 56% used [0x00000000c0000000,0x00000000c581a9f0,0x00000000c9b00000)
 Metaspace       used 89559K, capacity 93804K, committed 94080K, reserved 1130496K
  class space    used 11990K, capacity 12912K, committed 12928K, reserved 1048576K
}
Event: 35.937 GC heap before
{Heap before GC invocations=23 (full 3):
 PSYoungGen      total 225792K, used 225773K [0x00000000eab00000, 0x00000000fde80000, 0x0000000100000000)
  eden space 180224K, 100% used [0x00000000eab00000,0x00000000f5b00000,0x00000000f5b00000)
  from space 45568K, 99% used [0x00000000f5b00000,0x00000000f877b730,0x00000000f8780000)
  to   space 56832K, 0% used [0x00000000fa700000,0x00000000fa700000,0x00000000fde80000)
 ParOldGen       total 158720K, used 90218K [0x00000000c0000000, 0x00000000c9b00000, 0x00000000eab00000)
  object space 158720K, 56% used [0x00000000c0000000,0x00000000c581a9f0,0x00000000c9b00000)
 Metaspace       used 91211K, capacity 95588K, committed 95872K, reserved 1132544K
  class space    used 12169K, capacity 13110K, committed 13184K, reserved 1048576K
Event: 35.997 GC heap after
Heap after GC invocations=23 (full 3):
 PSYoungGen      total 256000K, used 17035K [0x00000000eab00000, 0x00000000fdb80000, 0x0000000100000000)
  eden space 202240K, 0% used [0x00000000eab00000,0x00000000eab00000,0x00000000f7080000)
  from space 53760K, 31% used [0x00000000fa700000,0x00000000fb7a2d98,0x00000000fdb80000)
  to   space 54784K, 0% used [0x00000000f7080000,0x00000000f7080000,0x00000000fa600000)
 ParOldGen       total 158720K, used 117780K [0x00000000c0000000, 0x00000000c9b00000, 0x00000000eab00000)
  object space 158720K, 74% used [0x00000000c0000000,0x00000000c73050b0,0x00000000c9b00000)
 Metaspace       used 91211K, capacity 95588K, committed 95872K, reserved 1132544K
  class space    used 12169K, capacity 13110K, committed 13184K, reserved 1048576K
}
Event: 40.080 GC heap before
{Heap before GC invocations=24 (full 3):
 PSYoungGen      total 256000K, used 184783K [0x00000000eab00000, 0x00000000fdb80000, 0x0000000100000000)
  eden space 202240K, 82% used [0x00000000eab00000,0x00000000f4ed11e0,0x00000000f7080000)
  from space 53760K, 31% used [0x00000000fa700000,0x00000000fb7a2d98,0x00000000fdb80000)
  to   space 54784K, 0% used [0x00000000f7080000,0x00000000f7080000,0x00000000fa600000)
 ParOldGen       total 158720K, used 117780K [0x00000000c0000000, 0x00000000c9b00000, 0x00000000eab00000)
  object space 158720K, 74% used [0x00000000c0000000,0x00000000c73050b0,0x00000000c9b00000)
 Metaspace       used 94047K, capacity 98528K, committed 98560K, reserved 1134592K
  class space    used 12546K, capacity 13542K, committed 13568K, reserved 1048576K
Event: 40.098 GC heap after
Heap after GC invocations=24 (full 3):
 PSYoungGen      total 257024K, used 23761K [0x00000000eab00000, 0x00000000fea00000, 0x0000000100000000)
  eden space 202240K, 0% used [0x00000000eab00000,0x00000000eab00000,0x00000000f7080000)
  from space 54784K, 43% used [0x00000000f7080000,0x00000000f87b47c8,0x00000000fa600000)
  to   space 51712K, 0% used [0x00000000fb780000,0x00000000fb780000,0x00000000fea00000)
 ParOldGen       total 158720K, used 117788K [0x00000000c0000000, 0x00000000c9b00000, 0x00000000eab00000)
  object space 158720K, 74% used [0x00000000c0000000,0x00000000c73070b0,0x00000000c9b00000)
 Metaspace       used 94047K, capacity 98528K, committed 98560K, reserved 1134592K
  class space    used 12546K, capacity 13542K, committed 13568K, reserved 1048576K
}
Event: 40.098 GC heap before
{Heap before GC invocations=25 (full 4):
 PSYoungGen      total 257024K, used 23761K [0x00000000eab00000, 0x00000000fea00000, 0x0000000100000000)
  eden space 202240K, 0% used [0x00000000eab00000,0x00000000eab00000,0x00000000f7080000)
  from space 54784K, 43% used [0x00000000f7080000,0x00000000f87b47c8,0x00000000fa600000)
  to   space 51712K, 0% used [0x00000000fb780000,0x00000000fb780000,0x00000000fea00000)
 ParOldGen       total 158720K, used 117788K [0x00000000c0000000, 0x00000000c9b00000, 0x00000000eab00000)
  object space 158720K, 74% used [0x00000000c0000000,0x00000000c73070b0,0x00000000c9b00000)
 Metaspace       used 94047K, capacity 98528K, committed 98560K, reserved 1134592K
  class space    used 12546K, capacity 13542K, committed 13568K, reserved 1048576K
Event: 40.694 GC heap after
Heap after GC invocations=25 (full 4):
 PSYoungGen      total 257024K, used 0K [0x00000000eab00000, 0x00000000fea00000, 0x0000000100000000)
  eden space 202240K, 0% used [0x00000000eab00000,0x00000000eab00000,0x00000000f7080000)
  from space 54784K, 0% used [0x00000000f7080000,0x00000000f7080000,0x00000000fa600000)
  to   space 51712K, 0% used [0x00000000fb780000,0x00000000fb780000,0x00000000fea00000)
 ParOldGen       total 267264K, used 84738K [0x00000000c0000000, 0x00000000d0500000, 0x00000000eab00000)
  object space 267264K, 31% used [0x00000000c0000000,0x00000000c52c0b68,0x00000000d0500000)
 Metaspace       used 93878K, capacity 98054K, committed 98560K, reserved 1134592K
  class space    used 12494K, capacity 13433K, committed 13568K, reserved 1048576K
}

Deoptimization events (10 events):
Event: 51.636 Thread 0x0000000018f31000 Uncommon trap: reason=unstable_if action=reinterpret pc=0x0000000005dddfec method=org.objectweb.asm.SymbolTable.addConstantIntegerOrFloat(II)Lorg/objectweb/asm/Symbol; @ 33
Event: 51.762 Thread 0x0000000018f31000 Uncommon trap: reason=array_check action=maybe_recompile pc=0x00000000048ae804 method=java.util.ComparableTimSort.binarySort([Ljava/lang/Object;III)V @ 215
Event: 51.846 Thread 0x0000000018f31000 Uncommon trap: reason=unstable_if action=reinterpret pc=0x0000000005df6380 method=org.gradle.api.internal.tasks.compile.ApiMemberSelector.visitField(ILjava/lang/String;Ljava/lang/String;Ljava/lang/String;Ljava/lang/Object;)Lorg/objectweb/asm/FieldVisitor;
Event: 51.846 Thread 0x0000000018f31000 Uncommon trap: reason=unstable_if action=reinterpret pc=0x00000000055ace60 method=org.gradle.api.internal.tasks.compile.ApiMemberSelector.visitField(ILjava/lang/String;Ljava/lang/String;Ljava/lang/String;Ljava/lang/Object;)Lorg/objectweb/asm/FieldVisitor;
Event: 51.846 Thread 0x0000000018f31000 Uncommon trap: reason=unstable_if action=reinterpret pc=0x000000000572a110 method=org.gradle.api.internal.tasks.compile.AnnotatableMember.compare(Lorg/gradle/api/internal/tasks/compile/AnnotatableMember;)Lcom/google/common/collect/ComparisonChain; @ 9
Event: 51.846 Thread 0x0000000018f31000 Uncommon trap: reason=unstable_if action=reinterpret pc=0x000000000572fa80 method=org.gradle.api.internal.tasks.compile.AnnotatableMember.compare(Lorg/gradle/api/internal/tasks/compile/AnnotatableMember;)Lcom/google/common/collect/ComparisonChain; @ 9
Event: 51.949 Thread 0x0000000018f31000 Uncommon trap: reason=unstable_if action=reinterpret pc=0x0000000005e029c4 method=org.objectweb.asm.MethodWriter.computeMethodInfoSize()I @ 451
Event: 51.949 Thread 0x0000000018f31000 Uncommon trap: reason=unstable_if action=reinterpret pc=0x0000000005e42abc method=org.objectweb.asm.MethodWriter.putMethodInfo(Lorg/objectweb/asm/ByteVector;)V @ 170
Event: 51.952 Thread 0x0000000018f31000 Uncommon trap: reason=unstable_if action=reinterpret pc=0x000000000572abcc method=org.gradle.api.internal.tasks.compile.AnnotatableMember.compare(Lorg/gradle/api/internal/tasks/compile/AnnotatableMember;)Lcom/google/common/collect/ComparisonChain; @ 9
Event: 51.992 Thread 0x0000000018f31000 Uncommon trap: reason=unstable_if action=reinterpret pc=0x0000000005718178 method=org.objectweb.asm.ClassReader.readUtf(II[C)Ljava/lang/String; @ 41

Classes redefined (0 events):
No events

Internal exceptions (10 events):
Event: 50.923 Thread 0x000000001e245800 Exception <a 'sun/nio/fs/WindowsException'> (0x00000000ee8223e8) thrown at [C:\re\workspace\8-2-build-windows-amd64-cygwin\jdk8u231\13620\hotspot\src\share\vm\prims\jni.cpp, line 710]
Event: 52.113 Thread 0x0000000018f31000 Exception <a 'sun/nio/fs/WindowsException'> (0x00000000f0763150) thrown at [C:\re\workspace\8-2-build-windows-amd64-cygwin\jdk8u231\13620\hotspot\src\share\vm\prims\jni.cpp, line 710]
Event: 52.113 Thread 0x0000000018f31000 Exception <a 'sun/nio/fs/WindowsException'> (0x00000000f0763dc8) thrown at [C:\re\workspace\8-2-build-windows-amd64-cygwin\jdk8u231\13620\hotspot\src\share\vm\prims\jni.cpp, line 710]
Event: 52.113 Thread 0x0000000018f31000 Exception <a 'sun/nio/fs/WindowsException'> (0x00000000f0764ab0) thrown at [C:\re\workspace\8-2-build-windows-amd64-cygwin\jdk8u231\13620\hotspot\src\share\vm\prims\jni.cpp, line 710]
Event: 52.114 Thread 0x0000000018f31000 Exception <a 'sun/nio/fs/WindowsException'> (0x00000000f076d648) thrown at [C:\re\workspace\8-2-build-windows-amd64-cygwin\jdk8u231\13620\hotspot\src\share\vm\prims\jni.cpp, line 710]
Event: 52.115 Thread 0x0000000018f31000 Exception <a 'sun/nio/fs/WindowsException'> (0x00000000f076e308) thrown at [C:\re\workspace\8-2-build-windows-amd64-cygwin\jdk8u231\13620\hotspot\src\share\vm\prims\jni.cpp, line 710]
Event: 52.115 Thread 0x0000000018f31000 Exception <a 'sun/nio/fs/WindowsException'> (0x00000000f076f038) thrown at [C:\re\workspace\8-2-build-windows-amd64-cygwin\jdk8u231\13620\hotspot\src\share\vm\prims\jni.cpp, line 710]
Event: 52.115 Thread 0x0000000018f31000 Exception <a 'sun/nio/fs/WindowsException'> (0x00000000f0770e38) thrown at [C:\re\workspace\8-2-build-windows-amd64-cygwin\jdk8u231\13620\hotspot\src\share\vm\prims\jni.cpp, line 710]
Event: 52.115 Thread 0x0000000018f31000 Exception <a 'sun/nio/fs/WindowsException'> (0x00000000f0771b08) thrown at [C:\re\workspace\8-2-build-windows-amd64-cygwin\jdk8u231\13620\hotspot\src\share\vm\prims\jni.cpp, line 710]
Event: 52.115 Thread 0x0000000018f31000 Exception <a 'sun/nio/fs/WindowsException'> (0x00000000f0772848) thrown at [C:\re\workspace\8-2-build-windows-amd64-cygwin\jdk8u231\13620\hotspot\src\share\vm\prims\jni.cpp, line 710]

Events (10 events):
Event: 51.952 loading class org/gradle/api/internal/tasks/compile/SimpleAnnotationValue done
Event: 51.953 loading class org/gradle/api/internal/tasks/compile/EnumAnnotationValue
Event: 51.953 loading class org/gradle/api/internal/tasks/compile/EnumAnnotationValue done
Event: 51.992 Thread 0x0000000018f31000 Uncommon trap: trap_request=0xffffff65 fr.pc=0x0000000005718178
Event: 51.992 Thread 0x0000000018f31000 DEOPT PACKING pc=0x0000000005718178 sp=0x0000000025c4bc30
Event: 51.992 Thread 0x0000000018f31000 DEOPT UNPACKING pc=0x0000000002db583b sp=0x0000000025c4bae8 mode 2
Event: 52.023 Executing VM operation: RevokeBias
Event: 52.023 Executing VM operation: RevokeBias done
Event: 52.125 loading class com/google/wireless/android/sdk/stats/AnnotationProcessorInfo$1
Event: 52.125 loading class com/google/wireless/android/sdk/stats/AnnotationProcessorInfo$1 done


Dynamic libraries:
0x00007ff772180000 - 0x00007ff7721b7000 	C:\Program Files\Java\jdk1.8.0_231\bin\java.exe
0x00007ffdafcc0000 - 0x00007ffdafead000 	C:\Windows\SYSTEM32\ntdll.dll
0x00007ffdad290000 - 0x00007ffdad343000 	C:\Windows\System32\KERNEL32.DLL
0x00007ffdac7b0000 - 0x00007ffdaca43000 	C:\Windows\System32\KERNELBASE.dll
0x00007ffdaa000000 - 0x00007ffdaa08c000 	C:\Windows\SYSTEM32\apphelp.dll
0x00007ffdaf5a0000 - 0x00007ffdaf643000 	C:\Windows\System32\ADVAPI32.dll
0x00007ffdaf440000 - 0x00007ffdaf4de000 	C:\Windows\System32\msvcrt.dll
0x00007ffdaf7f0000 - 0x00007ffdaf88e000 	C:\Windows\System32\sechost.dll
0x00007ffdae860000 - 0x00007ffdae982000 	C:\Windows\System32\RPCRT4.dll
0x00007ffdaf650000 - 0x00007ffdaf7e7000 	C:\Windows\System32\USER32.dll
0x00007ffdac5f0000 - 0x00007ffdac610000 	C:\Windows\System32\win32u.dll
0x00007ffdaf970000 - 0x00007ffdaf999000 	C:\Windows\System32\GDI32.dll
0x00007ffdac610000 - 0x00007ffdac7a9000 	C:\Windows\System32\gdi32full.dll
0x00007ffdacc30000 - 0x00007ffdaccd0000 	C:\Windows\System32\msvcp_win.dll
0x00007ffdabd80000 - 0x00007ffdabe7a000 	C:\Windows\System32\ucrtbase.dll
0x00007ffd96cc0000 - 0x00007ffd96f39000 	C:\Windows\WinSxS\amd64_microsoft.windows.common-controls_6595b64144ccf1df_6.0.17763.737_none_05b6437c071e554b\COMCTL32.dll
0x00007ffdaeb10000 - 0x00007ffdaee3c000 	C:\Windows\System32\combase.dll
0x00007ffdace60000 - 0x00007ffdacede000 	C:\Windows\System32\bcryptPrimitives.dll
0x00007ffdaeae0000 - 0x00007ffdaeb0e000 	C:\Windows\System32\IMM32.DLL
0x00000000595d0000 - 0x00000000596a2000 	C:\Program Files\Java\jdk1.8.0_231\jre\bin\msvcr100.dll
0x0000000058d20000 - 0x00000000595c6000 	C:\Program Files\Java\jdk1.8.0_231\jre\bin\server\jvm.dll
0x00007ffdaf900000 - 0x00007ffdaf908000 	C:\Windows\System32\PSAPI.DLL
0x00007ffd89650000 - 0x00007ffd89659000 	C:\Windows\SYSTEM32\WSOCK32.dll
0x00007ffda6e40000 - 0x00007ffda6e4a000 	C:\Windows\SYSTEM32\VERSION.dll
0x00007ffda9ea0000 - 0x00007ffda9ec4000 	C:\Windows\SYSTEM32\WINMM.dll
0x00007ffdaf890000 - 0x00007ffdaf8fd000 	C:\Windows\System32\WS2_32.dll
0x00007ffda9d80000 - 0x00007ffda9dad000 	C:\Windows\SYSTEM32\WINMMBASE.dll
0x00007ffdacdb0000 - 0x00007ffdacdfa000 	C:\Windows\System32\cfgmgr32.dll
0x00007ffda9f10000 - 0x00007ffda9f1f000 	C:\Program Files\Java\jdk1.8.0_231\jre\bin\verify.dll
0x00007ffda8600000 - 0x00007ffda8629000 	C:\Program Files\Java\jdk1.8.0_231\jre\bin\java.dll
0x00007ffda85e0000 - 0x00007ffda85f6000 	C:\Program Files\Java\jdk1.8.0_231\jre\bin\zip.dll
0x00007ffdad360000 - 0x00007ffdae852000 	C:\Windows\System32\SHELL32.dll
0x00007ffdafbe0000 - 0x00007ffdafc88000 	C:\Windows\System32\shcore.dll
0x00007ffdabea0000 - 0x00007ffdac5ea000 	C:\Windows\System32\windows.storage.dll
0x00007ffdabd30000 - 0x00007ffdabd54000 	C:\Windows\System32\profapi.dll
0x00007ffdabcb0000 - 0x00007ffdabd0d000 	C:\Windows\System32\powrprof.dll
0x00007ffdaf9a0000 - 0x00007ffdaf9f2000 	C:\Windows\System32\shlwapi.dll
0x00007ffdabd10000 - 0x00007ffdabd21000 	C:\Windows\System32\kernel.appcore.dll
0x00007ffdabe80000 - 0x00007ffdabe97000 	C:\Windows\System32\cryptsp.dll
0x00007ffda85c0000 - 0x00007ffda85da000 	C:\Program Files\Java\jdk1.8.0_231\jre\bin\net.dll
0x00007ffd9ca30000 - 0x00007ffd9ca50000 	C:\Windows\system32\PrxerDrv.dll
0x00007ffdab4c0000 - 0x00007ffdab527000 	C:\Windows\system32\mswsock.dll
0x00007ffda85a0000 - 0x00007ffda85b2000 	C:\Program Files\Java\jdk1.8.0_231\jre\bin\nio.dll
0x00007ffda9f20000 - 0x00007ffda9f46000 	C:\Users\combo\.gradle\native\31\windows-amd64\native-platform.dll
0x00007ffda9f00000 - 0x00007ffda9f0d000 	C:\Program Files\Java\jdk1.8.0_231\jre\bin\management.dll
0x00007ffdab040000 - 0x00007ffdab073000 	C:\Windows\system32\rsaenh.dll
0x00007ffdaccd0000 - 0x00007ffdaccf6000 	C:\Windows\System32\bcrypt.dll
0x00007ffdabbb0000 - 0x00007ffdabbd8000 	C:\Windows\SYSTEM32\USERENV.dll
0x00007ffdab690000 - 0x00007ffdab69c000 	C:\Windows\SYSTEM32\CRYPTBASE.dll
0x00007ffdab1e0000 - 0x00007ffdab21d000 	C:\Windows\SYSTEM32\IPHLPAPI.DLL
0x00007ffdad350000 - 0x00007ffdad358000 	C:\Windows\System32\NSI.dll
0x00007ffda0f00000 - 0x00007ffda0f16000 	C:\Windows\SYSTEM32\dhcpcsvc6.DLL
0x00007ffda12b0000 - 0x00007ffda12cc000 	C:\Windows\SYSTEM32\dhcpcsvc.DLL
0x00007ffdab220000 - 0x00007ffdab2e6000 	C:\Windows\SYSTEM32\DNSAPI.dll
0x00007ffdaad00000 - 0x00007ffdaad31000 	C:\Windows\SYSTEM32\ntmarta.dll
0x00007ffd71c40000 - 0x00007ffd71dda000 	C:\Program Files\Java\jdk1.8.0_231\jre\bin\awt.dll
0x00007ffdae990000 - 0x00007ffdaea54000 	C:\Windows\System32\OLEAUT32.dll
0x00007ffdaa560000 - 0x00007ffdaa58e000 	C:\Windows\system32\DWMAPI.DLL
0x00007ffdaca50000 - 0x00007ffdacc2b000 	C:\Windows\System32\CRYPT32.dll
0x00007ffdabd60000 - 0x00007ffdabd72000 	C:\Windows\System32\MSASN1.dll
0x00007ffdaa280000 - 0x00007ffdaa31c000 	C:\Windows\system32\uxtheme.dll
0x00007ffd96690000 - 0x00007ffd966ba000 	C:\Program Files\Java\jdk1.8.0_231\jre\bin\dcpr.dll

VM Arguments:
jvm_args: -Xmx1536m -Dfile.encoding=windows-1251 -Duser.country=RU -Duser.language=ru -Duser.variant -Xmx1024M 
java_command: org.gradle.launcher.daemon.bootstrap.GradleDaemon 6.1.1
java_class_path (initial): C:\Users\combo\.gradle\wrapper\dists\gradle-6.1.1-all\cfmwm155h49vnt3hynmlrsdst\gradle-6.1.1\lib\gradle-launcher-6.1.1.jar
Launcher Type: SUN_STANDARD

Environment Variables:
JAVA_HOME=C:\Progra~1\Java\jdk1.8.0_231
JRE_HOME=C:\Progra~1\Java\jre1.8.0_231
_JAVA_OPTIONS=-Xmx1024M
PATH=C:\Program Files\AdoptOpenJDK\jre-11.0.7.10-hotspot\bin;C:\Perl64\bin;D:\bin;C:\android\sdk\emulator\qemu;C:\Program Files (x86)\PC Connectivity Solution\;C:\webdrivers;C:\Users\combo\.gradle\wrapper\dists\gradle-5.1.1-all\97z1ksx6lirer3kbvdnh7jtjg\gradle-5.1.1;C:\Windows\System32;C:\Progra~1\nodejs;C:\Python27;C:\Python27\Scripts;C:\Progra~1\Git\bin;C:\Ruby193\bin;C:\PROGRA~1\IMAGEM~1.8-Q;C:\Users\combo\AppData\Local\Microsoft\WindowsApps;C:\Program Files\JetBrains\IntelliJ IDEA Community Edition 2019.1.3\bin;C:\Users\combo\AppData\Roaming\npm;C:\android\sdk\tools;C:\android\sdk\platform-tools;.;C:\Windows\System32;C:\Windows\System32;C:\Windows\System32\wbem;C:\Progra~1\Java\jdk1.8.0_231\bin;C:\Progra~1\Java\jdk1.8.0_231\lib;C:\Users\combo\.gradle\wrapper\dists\gradle-5.1.1-all\97z1ksx6lirer3kbvdnh7jtjg\gradle-5.1.1\bin;C:\Progra~1\nodejs";C:\ProgramData\chocolatey\bin;C:\Program Files (x86)\EasyFrom Inc\;C:\Program Files\OpenVPN\bin;C:\OSPanel\modules\php\PHP-7.2-x64;C:\ProgramData\ComposerSetup\bin;C:\Users\combo\AppData\Local\Programs\Python\Python38-32\Scripts\;C:\Users\combo\AppData\Local\Programs\Python\Python38-32\;C:\Users\combo\AppData\Local\Programs\Python\Python37-32\Scripts\;C:\Users\combo\AppData\Local\Programs\Python\Python37-32\;C:\Program Files (x86)\Nmap;C:\Users\combo\AppData\Roaming\Composer\vendor\bin;C:\Program Files\JetBrains\IntelliJ IDEA 2019.3.2\bin;C:\Program Files\JetBrains\IntelliJ IDEA Community Edition 2020.1\bin
USERNAME=combo
OS=Windows_NT
PROCESSOR_IDENTIFIER=Intel64 Family 6 Model 158 Stepping 10, GenuineIntel



---------------  S Y S T E M  ---------------

OS: Windows 10.0 , 64 bit Build 17763 (10.0.17763.475)

CPU:total 4 (initial active 4) (2 cores per cpu, 2 threads per core) family 6 model 158 stepping 10, cmov, cx8, fxsr, mmx, sse, sse2, sse3, ssse3, sse4.1, sse4.2, popcnt, aes, clmul, erms, 3dnowpref, lzcnt, ht, tsc, tscinvbit

Memory: 4k page, physical 8255776k(384032k free), swap 12450080k(0k free)

vm_info: Java HotSpot(TM) 64-Bit Server VM (25.231-b11) for windows-amd64 JRE (1.8.0_231-b11), built on Oct  5 2019 03:11:30 by "java_re" with MS VC++ 10.0 (VS2010)

time: Fri Jun 26 17:12:00 2020
timezone: Багдадское время (зима)
elapsed time: 52 seconds (0d 0h 0m 52s)

