#
# There is insufficient memory for the Java Runtime Environment to continue.
# Native memory allocation (malloc) failed to allocate 32744 bytes for ChunkPool::allocate
# Possible reasons:
#   The system is out of physical RAM or swap space
#   The process is running with CompressedOops enabled, and the Java Heap may be blocking the growth of the native heap
# Possible solutions:
#   Reduce memory load on the system
#   Increase physical memory or swap space
#   Check if swap backing store is full
#   Decrease Java heap size (-Xmx/-Xms)
#   Decrease number of Java threads
#   Decrease Java thread stack sizes (-Xss)
#   Set larger code cache with -XX:ReservedCodeCacheSize=
#   JVM is running with Unscaled Compressed Oops mode in which the Java heap is
#     placed in the first 4GB address space. The Java Heap base address is the
#     maximum limit for the native heap growth. Please use -XX:HeapBaseMinAddress
#     to set the Java Heap base and to place the Java Heap above 4GB virtual address.
# This output file may be truncated or incomplete.
#
#  Out of Memory Error (allocation.cpp:272), pid=244, tid=0x000000000000084c
#
# JRE version: Java(TM) SE Runtime Environment (8.0_231-b11) (build 1.8.0_231-b11)
# Java VM: Java HotSpot(TM) 64-Bit Server VM (25.231-b11 mixed mode windows-amd64 compressed oops)
# Failed to write core dump. Minidumps are not enabled by default on client versions of Windows
#

---------------  T H R E A D  ---------------

Current thread (0x0000000014d4d000):  JavaThread "C2 CompilerThread1" daemon [_thread_in_native, id=2124, stack(0x0000000016490000,0x0000000016590000)]

Stack: [0x0000000016490000,0x0000000016590000]
[error occurred during error reporting (printing stack bounds), id 0xc0000005]

Native frames: (J=compiled Java code, j=interpreted, Vv=VM code, C=native code)


Current CompileTask:
C2: 152891 15960   !   4       org.gradle.internal.operations.DefaultBuildOperationExecutor::call (38 bytes)


---------------  P R O C E S S  ---------------

Java Threads: ( => current thread )
  0x000000001945d800 JavaThread "Execution worker for ':' Thread 3" [_thread_in_native, id=6068, stack(0x0000000027ea0000,0x0000000027fa0000)]
  0x0000000016ce6800 JavaThread "Execution worker for ':' Thread 2" [_thread_blocked, id=7580, stack(0x0000000027da0000,0x0000000027ea0000)]
  0x0000000016ce0800 JavaThread "Execution worker for ':'" [_thread_in_Java, id=7156, stack(0x0000000027ca0000,0x0000000027da0000)]
  0x0000000016ce6000 JavaThread "Cache worker for file content cache (D:\walhalla\TTDwn\AndroidStudioSourceCode\.gradle\6.1.1\fileContent)" [_thread_blocked, id=9852, stack(0x0000000027ba0000,0x0000000027ca0000)]
  0x0000000016ce5000 JavaThread "Cache worker for file content cache (C:\Users\combo\.gradle\caches\6.1.1\fileContent)" [_thread_blocked, id=908, stack(0x0000000027aa0000,0x0000000027ba0000)]
  0x0000000016ce3800 JavaThread "Memory manager" [_thread_blocked, id=900, stack(0x00000000279a0000,0x0000000027aa0000)]
  0x0000000019461000 JavaThread "Cache worker for Build Output Cleanup Cache (D:\walhalla\TTDwn\AndroidStudioSourceCode\.gradle\buildOutputCleanup)" [_thread_in_native, id=7440, stack(0x00000000278a0000,0x00000000279a0000)]
  0x000000001945f800 JavaThread "Build operations Thread 4" [_thread_blocked, id=2400, stack(0x00000000277a0000,0x00000000278a0000)]
  0x0000000019462800 JavaThread "Build operations Thread 3" [_thread_blocked, id=2128, stack(0x00000000276a0000,0x00000000277a0000)]
  0x0000000019460800 JavaThread "Build operations Thread 2" [_thread_blocked, id=6328, stack(0x00000000275a0000,0x00000000276a0000)]
  0x000000001945e000 JavaThread "Build operations" [_thread_blocked, id=6984, stack(0x00000000274a0000,0x00000000275a0000)]
  0x0000000019456800 JavaThread "Cache worker for cache directory md-rule (C:\Users\combo\.gradle\caches\6.1.1\md-rule)" [_thread_blocked, id=6768, stack(0x00000000272a0000,0x00000000273a0000)]
  0x000000001945b000 JavaThread "Cache worker for cache directory md-supplier (C:\Users\combo\.gradle\caches\6.1.1\md-supplier)" [_thread_blocked, id=8556, stack(0x00000000271a0000,0x00000000272a0000)]
  0x000000001945c000 JavaThread "Cache worker for file hash cache (D:\walhalla\TTDwn\AndroidStudioSourceCode\.gradle\6.1.1\fileHashes)" [_thread_blocked, id=9004, stack(0x00000000270a0000,0x00000000271a0000)]
  0x0000000019453800 JavaThread "Cache worker for checksums cache (D:\walhalla\TTDwn\AndroidStudioSourceCode\.gradle\checksums)" [_thread_blocked, id=6464, stack(0x0000000026fa0000,0x00000000270a0000)]
  0x0000000019459800 JavaThread "Thread-52" [_thread_blocked, id=3364, stack(0x0000000026ea0000,0x0000000026fa0000)]
  0x0000000019457800 JavaThread "Stdin handler" [_thread_blocked, id=8588, stack(0x0000000026da0000,0x0000000026ea0000)]
  0x0000000019456000 JavaThread "Asynchronous log dispatcher for DefaultDaemonConnection: socket connection from /127.0.0.1:12360 to /127.0.0.1:12399" [_thread_blocked, id=4712, stack(0x0000000026ca0000,0x0000000026da0000)]
  0x0000000019455000 JavaThread "Cancel handler" [_thread_blocked, id=2764, stack(0x0000000026ba0000,0x0000000026ca0000)]
  0x0000000019458000 JavaThread "Handler for socket connection from /127.0.0.1:12360 to /127.0.0.1:12399" [_thread_in_native, id=5060, stack(0x0000000026aa0000,0x0000000026ba0000)]
  0x0000000016ce4800 JavaThread "Cache worker for execution history cache (C:\Users\combo\.gradle\caches\6.1.1\executionHistory)" [_thread_blocked, id=4684, stack(0x000000001e8d0000,0x000000001e9d0000)]
  0x0000000016ce3000 JavaThread "Cache worker for file hash cache (C:\Users\combo\.gradle\caches\6.1.1\fileHashes)" [_thread_in_native, id=10344, stack(0x000000001ab90000,0x000000001ac90000)]
  0x0000000016ce2000 JavaThread "File lock request listener" [_thread_in_native, id=8312, stack(0x000000001aa90000,0x000000001ab90000)]
  0x0000000016ce7800 JavaThread "Cache worker for journal cache (C:\Users\combo\.gradle\caches\journal-1)" [_thread_blocked, id=9444, stack(0x000000001a990000,0x000000001aa90000)]
  0x0000000017d8d800 JavaThread "Daemon worker" [_thread_in_native, id=912, stack(0x000000001a390000,0x000000001a490000)]
  0x0000000017a0b000 JavaThread "Daemon" [_thread_blocked, id=1380, stack(0x0000000019e90000,0x0000000019f90000)]
  0x000000001877e000 JavaThread "Daemon periodic checks" [_thread_blocked, id=5576, stack(0x0000000019d90000,0x0000000019e90000)]
  0x000000001871e000 JavaThread "Incoming local TCP Connector on port 12360" [_thread_in_native, id=5528, stack(0x0000000019b40000,0x0000000019c40000)]
  0x00000000180db000 JavaThread "Daemon health stats" [_thread_blocked, id=1008, stack(0x0000000018460000,0x0000000018560000)]
  0x00000000166c0800 JavaThread "Service Thread" daemon [_thread_blocked, id=6048, stack(0x0000000016a90000,0x0000000016b90000)]
  0x0000000014d71000 JavaThread "C1 CompilerThread2" daemon [_thread_blocked, id=10292, stack(0x0000000016590000,0x0000000016690000)]
=>0x0000000014d4d000 JavaThread "C2 CompilerThread1" daemon [_thread_in_native, id=2124, stack(0x0000000016490000,0x0000000016590000)]
  0x0000000014d4a800 JavaThread "C2 CompilerThread0" daemon [_thread_in_native, id=2680, stack(0x0000000016390000,0x0000000016490000)]
  0x0000000014d48000 JavaThread "Attach Listener" daemon [_thread_blocked, id=2552, stack(0x0000000016290000,0x0000000016390000)]
  0x000000000266e000 JavaThread "Signal Dispatcher" daemon [_thread_blocked, id=10080, stack(0x0000000016190000,0x0000000016290000)]
  0x0000000002666800 JavaThread "Finalizer" daemon [_thread_blocked, id=3632, stack(0x0000000015f90000,0x0000000016090000)]
  0x0000000014d29800 JavaThread "Reference Handler" daemon [_thread_blocked, id=4612, stack(0x0000000015e90000,0x0000000015f90000)]
  0x0000000002573800 JavaThread "main" [_thread_blocked, id=7120, stack(0x0000000002470000,0x0000000002570000)]

Other Threads:
  0x0000000014d07800 VMThread [stack: 0x0000000015d90000,0x0000000015e90000] [id=6324]
  0x00000000166c1800 WatcherThread [stack: 0x0000000016b90000,0x0000000016c90000] [id=8904]

VM state:not at safepoint (normal execution)

VM Mutex/Monitor currently owned by a thread: None

heap address: 0x00000000c0000000, size: 1024 MB, Compressed Oops mode: 32-bit
Narrow klass base: 0x0000000000000000, Narrow klass shift: 3
Compressed class space size: 1073741824 Address: 0x0000000100000000

Heap:
 PSYoungGen      total 305664K, used 107650K [0x00000000eab00000, 0x00000000ffa80000, 0x0000000100000000)
  eden space 275968K, 34% used [0x00000000eab00000,0x00000000f08c0378,0x00000000fb880000)
  from space 29696K, 39% used [0x00000000fdd80000,0x00000000fe8e0620,0x00000000ffa80000)
  to   space 33792K, 0% used [0x00000000fb880000,0x00000000fb880000,0x00000000fd980000)
 ParOldGen       total 136192K, used 100948K [0x00000000c0000000, 0x00000000c8500000, 0x00000000eab00000)
  object space 136192K, 74% used [0x00000000c0000000,0x00000000c6295218,0x00000000c8500000)
 Metaspace       used 91734K, capacity 97016K, committed 97280K, reserved 1132544K
  class space    used 12233K, capacity 13303K, committed 13312K, reserved 1048576K

Card table byte_map: [0x0000000011a30000,0x0000000011c40000] byte_map_base: 0x0000000011430000

Marking Bits: (ParMarkBitMap*) 0x0000000075016d90
 Begin Bits: [0x00000000121a0000, 0x00000000131a0000)
 End Bits:   [0x00000000131a0000, 0x00000000141a0000)

Polling page: 0x0000000000880000

CodeCache: size=245760Kb used=45658Kb max_used=45667Kb free=200101Kb
 bounds [0x0000000002670000, 0x0000000005340000, 0x0000000011670000]
 total_blobs=14208 nmethods=13319 adapters=800
 compilation: enabled

Compilation events (10 events):
Event: 152.859 Thread 0x0000000014d4d000 15956       4       com.google.common.collect.TransformedIterator::hasNext (10 bytes)
Event: 152.860 Thread 0x0000000014d4d000 nmethod 15956 0x000000000532e910 code [0x000000000532ea60, 0x000000000532eb18]
Event: 152.863 Thread 0x0000000014d4a800 15957       4       org.gradle.internal.operations.DelegatingBuildOperationExecutor::call (11 bytes)
Event: 152.866 Thread 0x0000000014d4d000 15958       4       java.io.FileInputStream::read (8 bytes)
Event: 152.867 Thread 0x0000000014d4d000 nmethod 15958 0x00000000052f6b90 code [0x00000000052f6ce0, 0x00000000052f6d68]
Event: 152.869 Thread 0x0000000014d71000 15959       3       org.gradle.internal.instantiation.generator.AbstractClassGenerator$GeneratedClassImpl::getGeneratedClass (11 bytes)
Event: 152.869 Thread 0x0000000014d71000 nmethod 15959 0x000000000533b010 code [0x000000000533b160, 0x000000000533b310]
Event: 152.870 Thread 0x0000000014d4d000 15960   !   4       org.gradle.internal.operations.DefaultBuildOperationExecutor::call (38 bytes)
Event: 152.872 Thread 0x0000000014d71000 15961       1       org.gradle.internal.fingerprint.impl.DefaultCurrentFileCollectionFingerprint::getFingerprints (5 bytes)
Event: 152.872 Thread 0x0000000014d71000 nmethod 15961 0x000000000533ad50 code [0x000000000533aea0, 0x000000000533afb0]

GC Heap History (10 events):
Event: 20.290 GC heap before
{Heap before GC invocations=17 (full 3):
 PSYoungGen      total 201728K, used 195316K [0x00000000eab00000, 0x00000000fb000000, 0x0000000100000000)
  eden space 180224K, 100% used [0x00000000eab00000,0x00000000f5b00000,0x00000000f5b00000)
  from space 21504K, 70% used [0x00000000f5b00000,0x00000000f69bd0a0,0x00000000f7000000)
  to   space 22016K, 0% used [0x00000000f9a80000,0x00000000f9a80000,0x00000000fb000000)
 ParOldGen       total 136192K, used 42682K [0x00000000c0000000, 0x00000000c8500000, 0x00000000eab00000)
  object space 136192K, 31% used [0x00000000c0000000,0x00000000c29ae8f8,0x00000000c8500000)
 Metaspace       used 75158K, capacity 78450K, committed 78720K, reserved 1116160K
  class space    used 10563K, capacity 11296K, committed 11392K, reserved 1048576K
Event: 20.319 GC heap after
Heap after GC invocations=17 (full 3):
 PSYoungGen      total 238592K, used 21993K [0x00000000eab00000, 0x00000000fb780000, 0x0000000100000000)
  eden space 216576K, 0% used [0x00000000eab00000,0x00000000eab00000,0x00000000f7e80000)
  from space 22016K, 99% used [0x00000000f9a80000,0x00000000faffa580,0x00000000fb000000)
  to   space 28672K, 0% used [0x00000000f7e80000,0x00000000f7e80000,0x00000000f9a80000)
 ParOldGen       total 136192K, used 52614K [0x00000000c0000000, 0x00000000c8500000, 0x00000000eab00000)
  object space 136192K, 38% used [0x00000000c0000000,0x00000000c3361aa0,0x00000000c8500000)
 Metaspace       used 75158K, capacity 78450K, committed 78720K, reserved 1116160K
  class space    used 10563K, capacity 11296K, committed 11392K, reserved 1048576K
}
Event: 22.253 GC heap before
{Heap before GC invocations=18 (full 3):
 PSYoungGen      total 238592K, used 238569K [0x00000000eab00000, 0x00000000fb780000, 0x0000000100000000)
  eden space 216576K, 100% used [0x00000000eab00000,0x00000000f7e80000,0x00000000f7e80000)
  from space 22016K, 99% used [0x00000000f9a80000,0x00000000faffa580,0x00000000fb000000)
  to   space 28672K, 0% used [0x00000000f7e80000,0x00000000f7e80000,0x00000000f9a80000)
 ParOldGen       total 136192K, used 52614K [0x00000000c0000000, 0x00000000c8500000, 0x00000000eab00000)
  object space 136192K, 38% used [0x00000000c0000000,0x00000000c3361aa0,0x00000000c8500000)
 Metaspace       used 78475K, capacity 81872K, committed 82176K, reserved 1120256K
  class space    used 10929K, capacity 11669K, committed 11776K, reserved 1048576K
Event: 22.300 GC heap after
Heap after GC invocations=18 (full 3):
 PSYoungGen      total 245248K, used 17190K [0x00000000eab00000, 0x00000000fe380000, 0x0000000100000000)
  eden space 216576K, 0% used [0x00000000eab00000,0x00000000eab00000,0x00000000f7e80000)
  from space 28672K, 59% used [0x00000000f7e80000,0x00000000f8f49aa8,0x00000000f9a80000)
  to   space 28672K, 0% used [0x00000000fc780000,0x00000000fc780000,0x00000000fe380000)
 ParOldGen       total 136192K, used 72008K [0x00000000c0000000, 0x00000000c8500000, 0x00000000eab00000)
  object space 136192K, 52% used [0x00000000c0000000,0x00000000c4652298,0x00000000c8500000)
 Metaspace       used 78475K, capacity 81872K, committed 82176K, reserved 1120256K
  class space    used 10929K, capacity 11669K, committed 11776K, reserved 1048576K
}
Event: 88.797 GC heap before
{Heap before GC invocations=19 (full 3):
 PSYoungGen      total 245248K, used 233766K [0x00000000eab00000, 0x00000000fe380000, 0x0000000100000000)
  eden space 216576K, 100% used [0x00000000eab00000,0x00000000f7e80000,0x00000000f7e80000)
  from space 28672K, 59% used [0x00000000f7e80000,0x00000000f8f49aa8,0x00000000f9a80000)
  to   space 28672K, 0% used [0x00000000fc780000,0x00000000fc780000,0x00000000fe380000)
 ParOldGen       total 136192K, used 72008K [0x00000000c0000000, 0x00000000c8500000, 0x00000000eab00000)
  object space 136192K, 52% used [0x00000000c0000000,0x00000000c4652298,0x00000000c8500000)
 Metaspace       used 87350K, capacity 91548K, committed 91776K, reserved 1128448K
  class space    used 11747K, capacity 12612K, committed 12672K, reserved 1048576K
Event: 88.829 GC heap after
Heap after GC invocations=19 (full 3):
 PSYoungGen      total 283648K, used 28641K [0x00000000eab00000, 0x00000000feb00000, 0x0000000100000000)
  eden space 254976K, 0% used [0x00000000eab00000,0x00000000eab00000,0x00000000fa400000)
  from space 28672K, 99% used [0x00000000fc780000,0x00000000fe378708,0x00000000fe380000)
  to   space 36352K, 0% used [0x00000000fa400000,0x00000000fa400000,0x00000000fc780000)
 ParOldGen       total 136192K, used 80510K [0x00000000c0000000, 0x00000000c8500000, 0x00000000eab00000)
  object space 136192K, 59% used [0x00000000c0000000,0x00000000c4e9f8e0,0x00000000c8500000)
 Metaspace       used 87350K, capacity 91548K, committed 91776K, reserved 1128448K
  class space    used 11747K, capacity 12612K, committed 12672K, reserved 1048576K
}
Event: 119.730 GC heap before
{Heap before GC invocations=20 (full 3):
 PSYoungGen      total 283648K, used 283617K [0x00000000eab00000, 0x00000000feb00000, 0x0000000100000000)
  eden space 254976K, 100% used [0x00000000eab00000,0x00000000fa400000,0x00000000fa400000)
  from space 28672K, 99% used [0x00000000fc780000,0x00000000fe378708,0x00000000fe380000)
  to   space 36352K, 0% used [0x00000000fa400000,0x00000000fa400000,0x00000000fc780000)
 ParOldGen       total 136192K, used 80510K [0x00000000c0000000, 0x00000000c8500000, 0x00000000eab00000)
  object space 136192K, 59% used [0x00000000c0000000,0x00000000c4e9f8e0,0x00000000c8500000)
 Metaspace       used 88527K, capacity 93110K, committed 93312K, reserved 1130496K
  class space    used 11843K, capacity 12808K, committed 12928K, reserved 1048576K
Event: 119.761 GC heap after
Heap after GC invocations=20 (full 3):
 PSYoungGen      total 291328K, used 8474K [0x00000000eab00000, 0x0000000100000000, 0x0000000100000000)
  eden space 254976K, 0% used [0x00000000eab00000,0x00000000eab00000,0x00000000fa400000)
  from space 36352K, 23% used [0x00000000fa400000,0x00000000fac46848,0x00000000fc780000)
  to   space 35328K, 0% used [0x00000000fdd80000,0x00000000fdd80000,0x0000000100000000)
 ParOldGen       total 136192K, used 100940K [0x00000000c0000000, 0x00000000c8500000, 0x00000000eab00000)
  object space 136192K, 74% used [0x00000000c0000000,0x00000000c6293218,0x00000000c8500000)
 Metaspace       used 88527K, capacity 93110K, committed 93312K, reserved 1130496K
  class space    used 11843K, capacity 12808K, committed 12928K, reserved 1048576K
}
Event: 149.821 GC heap before
{Heap before GC invocations=21 (full 3):
 PSYoungGen      total 291328K, used 263450K [0x00000000eab00000, 0x0000000100000000, 0x0000000100000000)
  eden space 254976K, 100% used [0x00000000eab00000,0x00000000fa400000,0x00000000fa400000)
  from space 36352K, 23% used [0x00000000fa400000,0x00000000fac46848,0x00000000fc780000)
  to   space 35328K, 0% used [0x00000000fdd80000,0x00000000fdd80000,0x0000000100000000)
 ParOldGen       total 136192K, used 100940K [0x00000000c0000000, 0x00000000c8500000, 0x00000000eab00000)
  object space 136192K, 74% used [0x00000000c0000000,0x00000000c6293218,0x00000000c8500000)
 Metaspace       used 90320K, capacity 95380K, committed 95616K, reserved 1132544K
  class space    used 12064K, capacity 13095K, committed 13184K, reserved 1048576K
Event: 149.915 GC heap after
Heap after GC invocations=21 (full 3):
 PSYoungGen      total 305664K, used 11649K [0x00000000eab00000, 0x00000000ffa80000, 0x0000000100000000)
  eden space 275968K, 0% used [0x00000000eab00000,0x00000000eab00000,0x00000000fb880000)
  from space 29696K, 39% used [0x00000000fdd80000,0x00000000fe8e0620,0x00000000ffa80000)
  to   space 33792K, 0% used [0x00000000fb880000,0x00000000fb880000,0x00000000fd980000)
 ParOldGen       total 136192K, used 100948K [0x00000000c0000000, 0x00000000c8500000, 0x00000000eab00000)
  object space 136192K, 74% used [0x00000000c0000000,0x00000000c6295218,0x00000000c8500000)
 Metaspace       used 90320K, capacity 95380K, committed 95616K, reserved 1132544K
  class space    used 12064K, capacity 13095K, committed 13184K, reserved 1048576K
}

Deoptimization events (10 events):
Event: 150.759 Thread 0x000000001945d800 Uncommon trap: reason=bimorphic action=maybe_recompile pc=0x0000000004fb6328 method=java.io.BufferedOutputStream.flushBuffer()V @ 20
Event: 150.760 Thread 0x000000001945d800 Uncommon trap: reason=bimorphic action=maybe_recompile pc=0x0000000004fb6328 method=java.io.BufferedOutputStream.flushBuffer()V @ 20
Event: 150.762 Thread 0x0000000017d8d800 Uncommon trap: reason=unstable_if action=reinterpret pc=0x000000000328f540 method=java.nio.Buffer.limit(I)Ljava/nio/Buffer; @ 33
Event: 150.769 Thread 0x0000000017d8d800 Uncommon trap: reason=unstable_if action=reinterpret pc=0x0000000002a51828 method=java.io.BufferedOutputStream.write(I)V @ 9
Event: 150.874 Thread 0x0000000017d8d800 Uncommon trap: reason=unstable_if action=reinterpret pc=0x0000000002d82740 method=java.util.concurrent.ConcurrentHashMap.addCount(JI)V @ 272
Event: 150.874 Thread 0x0000000016ce0800 Uncommon trap: reason=unstable_if action=reinterpret pc=0x0000000003be05f8 method=org.gradle.api.internal.changedetection.state.GlobalScopeFileTimeStampInspector.timestampCanBeUsedToDetectFileChange(Ljava/lang/String;J)Z @ 37
Event: 150.874 Thread 0x0000000017d8d800 Uncommon trap: reason=unstable_if action=reinterpret pc=0x0000000003be05f8 method=org.gradle.api.internal.changedetection.state.GlobalScopeFileTimeStampInspector.timestampCanBeUsedToDetectFileChange(Ljava/lang/String;J)Z @ 37
Event: 151.835 Thread 0x0000000016ce7800 Uncommon trap: reason=class_check action=maybe_recompile pc=0x000000000516dfa0 method=org.gradle.cache.internal.btree.FileBackedBlockStore$BlockImpl.getSize()I @ 12
Event: 152.636 Thread 0x0000000016ce7800 Uncommon trap: reason=class_check action=maybe_recompile pc=0x000000000516dfa0 method=org.gradle.cache.internal.btree.FileBackedBlockStore$BlockImpl.getSize()I @ 12
Event: 152.800 Thread 0x000000001945d800 Uncommon trap: reason=unstable_if action=reinterpret pc=0x0000000004e93010 method=java.util.concurrent.ArrayBlockingQueue.enqueue(Ljava/lang/Object;)V @ 25

Classes redefined (0 events):
No events

Internal exceptions (10 events):
Event: 151.817 Thread 0x0000000017d8d800 Exception <a 'sun/nio/fs/WindowsException'> (0x00000000edddf028) thrown at [C:\re\workspace\8-2-build-windows-amd64-cygwin\jdk8u231\13620\hotspot\src\share\vm\prims\jni.cpp, line 710]
Event: 151.904 Thread 0x000000001945d800 Exception <a 'sun/nio/fs/WindowsException'> (0x00000000ee978568) thrown at [C:\re\workspace\8-2-build-windows-amd64-cygwin\jdk8u231\13620\hotspot\src\share\vm\prims\jni.cpp, line 710]
Event: 151.909 Thread 0x0000000016ce6800 Exception <a 'sun/nio/fs/WindowsException'> (0x00000000ee91be60) thrown at [C:\re\workspace\8-2-build-windows-amd64-cygwin\jdk8u231\13620\hotspot\src\share\vm\prims\jni.cpp, line 710]
Event: 152.163 Thread 0x0000000016ce6800 Exception <a 'sun/nio/fs/WindowsException'> (0x00000000eece8650) thrown at [C:\re\workspace\8-2-build-windows-amd64-cygwin\jdk8u231\13620\hotspot\src\share\vm\prims\jni.cpp, line 710]
Event: 152.178 Thread 0x0000000016ce0800 Exception <a 'sun/nio/fs/WindowsException'> (0x00000000eedb78a0) thrown at [C:\re\workspace\8-2-build-windows-amd64-cygwin\jdk8u231\13620\hotspot\src\share\vm\prims\jni.cpp, line 710]
Event: 152.227 Thread 0x0000000017d8d800 Exception <a 'sun/nio/fs/WindowsException'> (0x00000000edeea780) thrown at [C:\re\workspace\8-2-build-windows-amd64-cygwin\jdk8u231\13620\hotspot\src\share\vm\prims\jni.cpp, line 710]
Event: 152.228 Thread 0x000000001945d800 Exception <a 'sun/nio/fs/WindowsException'> (0x00000000eeece0e0) thrown at [C:\re\workspace\8-2-build-windows-amd64-cygwin\jdk8u231\13620\hotspot\src\share\vm\prims\jni.cpp, line 710]
Event: 152.473 Thread 0x0000000016ce6800 Exception <a 'sun/nio/fs/WindowsException'> (0x00000000ef58e110) thrown at [C:\re\workspace\8-2-build-windows-amd64-cygwin\jdk8u231\13620\hotspot\src\share\vm\prims\jni.cpp, line 710]
Event: 152.847 Thread 0x0000000016ce6800 Exception <a 'sun/nio/fs/WindowsException'> (0x00000000f01460b8) thrown at [C:\re\workspace\8-2-build-windows-amd64-cygwin\jdk8u231\13620\hotspot\src\share\vm\prims\jni.cpp, line 710]
Event: 152.872 Thread 0x000000001945d800 Exception <a 'sun/nio/fs/WindowsException'> (0x00000000f04effc8) thrown at [C:\re\workspace\8-2-build-windows-amd64-cygwin\jdk8u231\13620\hotspot\src\share\vm\prims\jni.cpp, line 710]

Events (10 events):
Event: 152.556 Thread 0x0000000016ce6800 DEOPT PACKING pc=0x0000000003710e17 sp=0x0000000027e9b250
Event: 152.556 Thread 0x0000000016ce6800 DEOPT UNPACKING pc=0x00000000026b7490 sp=0x0000000027e9af78 mode 0
Event: 152.636 Thread 0x0000000016ce7800 Uncommon trap: trap_request=0xffffffde fr.pc=0x000000000516dfa0
Event: 152.636 Thread 0x0000000016ce7800 DEOPT PACKING pc=0x000000000516dfa0 sp=0x000000001aa8e670
Event: 152.636 Thread 0x0000000016ce7800 DEOPT UNPACKING pc=0x00000000026b583b sp=0x000000001aa8e610 mode 2
Event: 152.640 Thread 0x0000000019461000 DEOPT PACKING pc=0x0000000005265dc6 sp=0x000000002799e550
Event: 152.640 Thread 0x0000000019461000 DEOPT UNPACKING pc=0x00000000026b7490 sp=0x000000002799e290 mode 0
Event: 152.800 Thread 0x000000001945d800 Uncommon trap: trap_request=0xffffff65 fr.pc=0x0000000004e93010
Event: 152.800 Thread 0x000000001945d800 DEOPT PACKING pc=0x0000000004e93010 sp=0x0000000027f9b540
Event: 152.800 Thread 0x000000001945d800 DEOPT UNPACKING pc=0x00000000026b583b sp=0x0000000027f9b4a8 mode 2


Dynamic libraries:
0x00007ff6086e0000 - 0x00007ff608717000 	C:\Program Files\Java\jdk1.8.0_231\bin\java.exe
0x00007ffd18930000 - 0x00007ffd18b1d000 	C:\Windows\SYSTEM32\ntdll.dll
0x00007ffd16710000 - 0x00007ffd167c3000 	C:\Windows\System32\KERNEL32.DLL
0x00007ffd15630000 - 0x00007ffd158c3000 	C:\Windows\System32\KERNELBASE.dll
0x00007ffd12c60000 - 0x00007ffd12cec000 	C:\Windows\SYSTEM32\apphelp.dll
0x00007ffd186c0000 - 0x00007ffd18763000 	C:\Windows\System32\ADVAPI32.dll
0x00007ffd18580000 - 0x00007ffd1861e000 	C:\Windows\System32\msvcrt.dll
0x00007ffd18620000 - 0x00007ffd186be000 	C:\Windows\System32\sechost.dll
0x00007ffd16f50000 - 0x00007ffd17072000 	C:\Windows\System32\RPCRT4.dll
0x00007ffd16bc0000 - 0x00007ffd16d57000 	C:\Windows\System32\USER32.dll
0x00007ffd15a30000 - 0x00007ffd15a50000 	C:\Windows\System32\win32u.dll
0x00007ffd188d0000 - 0x00007ffd188f9000 	C:\Windows\System32\GDI32.dll
0x00007ffd149f0000 - 0x00007ffd14b89000 	C:\Windows\System32\gdi32full.dll
0x00007ffd15520000 - 0x00007ffd155c0000 	C:\Windows\System32\msvcp_win.dll
0x00007ffd15a50000 - 0x00007ffd15b4a000 	C:\Windows\System32\ucrtbase.dll
0x00007ffcff520000 - 0x00007ffcff799000 	C:\Windows\WinSxS\amd64_microsoft.windows.common-controls_6595b64144ccf1df_6.0.17763.737_none_05b6437c071e554b\COMCTL32.dll
0x00007ffd16050000 - 0x00007ffd1637c000 	C:\Windows\System32\combase.dll
0x00007ffd159b0000 - 0x00007ffd15a2e000 	C:\Windows\System32\bcryptPrimitives.dll
0x00007ffd16900000 - 0x00007ffd1692e000 	C:\Windows\System32\IMM32.DLL
0x00000000750a0000 - 0x0000000075172000 	C:\Program Files\Java\jdk1.8.0_231\jre\bin\msvcr100.dll
0x00000000747f0000 - 0x0000000075096000 	C:\Program Files\Java\jdk1.8.0_231\jre\bin\server\jvm.dll
0x00007ffd164b0000 - 0x00007ffd164b8000 	C:\Windows\System32\PSAPI.DLL
0x00007ffd094d0000 - 0x00007ffd094d9000 	C:\Windows\SYSTEM32\WSOCK32.dll
0x00007ffd16ae0000 - 0x00007ffd16b4d000 	C:\Windows\System32\WS2_32.dll
0x00007ffd12b60000 - 0x00007ffd12b84000 	C:\Windows\SYSTEM32\WINMM.dll
0x00007ffd0fb20000 - 0x00007ffd0fb2a000 	C:\Windows\SYSTEM32\VERSION.dll
0x00007ffd129c0000 - 0x00007ffd129ed000 	C:\Windows\SYSTEM32\WINMMBASE.dll
0x00007ffd155c0000 - 0x00007ffd1560a000 	C:\Windows\System32\cfgmgr32.dll
0x00007ffd0f8d0000 - 0x00007ffd0f8df000 	C:\Program Files\Java\jdk1.8.0_231\jre\bin\verify.dll
0x00007ffd0d230000 - 0x00007ffd0d259000 	C:\Program Files\Java\jdk1.8.0_231\jre\bin\java.dll
0x00007ffd0d880000 - 0x00007ffd0d896000 	C:\Program Files\Java\jdk1.8.0_231\jre\bin\zip.dll
0x00007ffd17080000 - 0x00007ffd18572000 	C:\Windows\System32\SHELL32.dll
0x00007ffd16380000 - 0x00007ffd16428000 	C:\Windows\System32\shcore.dll
0x00007ffd14b90000 - 0x00007ffd152da000 	C:\Windows\System32\windows.storage.dll
0x00007ffd149a0000 - 0x00007ffd149c4000 	C:\Windows\System32\profapi.dll
0x00007ffd14920000 - 0x00007ffd1497d000 	C:\Windows\System32\powrprof.dll
0x00007ffd164c0000 - 0x00007ffd16512000 	C:\Windows\System32\shlwapi.dll
0x00007ffd149d0000 - 0x00007ffd149e1000 	C:\Windows\System32\kernel.appcore.dll
0x00007ffd15610000 - 0x00007ffd15627000 	C:\Windows\System32\cryptsp.dll
0x00007ffd0d170000 - 0x00007ffd0d18a000 	C:\Program Files\Java\jdk1.8.0_231\jre\bin\net.dll
0x00007ffd055e0000 - 0x00007ffd05600000 	C:\Windows\system32\PrxerDrv.dll
0x00007ffd14130000 - 0x00007ffd14197000 	C:\Windows\system32\mswsock.dll
0x00007ffd09430000 - 0x00007ffd09442000 	C:\Program Files\Java\jdk1.8.0_231\jre\bin\nio.dll
0x00007ffd09400000 - 0x00007ffd09426000 	C:\Users\combo\.gradle\native\31\windows-amd64\native-platform.dll
0x00007ffd0d220000 - 0x00007ffd0d22d000 	C:\Program Files\Java\jdk1.8.0_231\jre\bin\management.dll
0x00007ffd13cb0000 - 0x00007ffd13ce3000 	C:\Windows\system32\rsaenh.dll
0x00007ffd15980000 - 0x00007ffd159a6000 	C:\Windows\System32\bcrypt.dll
0x00007ffd14820000 - 0x00007ffd14848000 	C:\Windows\SYSTEM32\USERENV.dll
0x00007ffd14360000 - 0x00007ffd1436c000 	C:\Windows\SYSTEM32\CRYPTBASE.dll
0x00007ffd13e50000 - 0x00007ffd13e8d000 	C:\Windows\SYSTEM32\IPHLPAPI.DLL
0x00007ffd16bb0000 - 0x00007ffd16bb8000 	C:\Windows\System32\NSI.dll
0x00007ffd0c280000 - 0x00007ffd0c296000 	C:\Windows\SYSTEM32\dhcpcsvc6.DLL
0x00007ffd0c3a0000 - 0x00007ffd0c3bc000 	C:\Windows\SYSTEM32\dhcpcsvc.DLL
0x00007ffd13e90000 - 0x00007ffd13f56000 	C:\Windows\SYSTEM32\DNSAPI.dll
0x00007ffcded10000 - 0x00007ffcded34000 	C:\Program Files\Java\jdk1.8.0_231\jre\bin\sunec.dll
0x00007ffd05010000 - 0x00007ffd0502b000 	C:\Windows\system32\PrxerNsp.dll
0x0000000180000000 - 0x0000000180096000 	C:\Windows\SYSTEM32\pcapwsp.dll
0x0000000000bb0000 - 0x0000000000bb3000 	C:\Windows\SYSTEM32\rnr20.dll
0x00007ffd0c360000 - 0x00007ffd0c36a000 	C:\Windows\System32\rasadhlp.dll
0x00007ffd09880000 - 0x00007ffd098f9000 	C:\Windows\System32\fwpuclnt.dll
0x00007ffcfec90000 - 0x00007ffcfec9b000 	C:\Program Files\Java\jdk1.8.0_231\jre\bin\sunmscapi.dll
0x00007ffd152e0000 - 0x00007ffd154bb000 	C:\Windows\System32\CRYPT32.dll
0x00007ffd14980000 - 0x00007ffd14992000 	C:\Windows\System32\MSASN1.dll

VM Arguments:
jvm_args: -Xmx1536m -Dfile.encoding=windows-1251 -Duser.country=RU -Duser.language=ru -Duser.variant -Xmx1024M 
java_command: org.gradle.launcher.daemon.bootstrap.GradleDaemon 6.1.1
java_class_path (initial): C:\Users\combo\.gradle\wrapper\dists\gradle-6.1.1-all\cfmwm155h49vnt3hynmlrsdst\gradle-6.1.1\lib\gradle-launcher-6.1.1.jar
Launcher Type: SUN_STANDARD

Environment Variables:
JAVA_HOME=C:\Progra~1\Java\jdk1.8.0_231
JRE_HOME=C:\Progra~1\Java\jre1.8.0_231
_JAVA_OPTIONS=-Xmx1024M
PATH=C:\Program Files\AdoptOpenJDK\jre-11.0.7.10-hotspot\bin;C:\Perl64\bin;D:\bin;C:\android\sdk\emulator\qemu;C:\Program Files (x86)\PC Connectivity Solution\;C:\webdrivers;C:\Users\combo\.gradle\wrapper\dists\gradle-5.1.1-all\97z1ksx6lirer3kbvdnh7jtjg\gradle-5.1.1;C:\Windows\System32;C:\Progra~1\nodejs;C:\Python27;C:\Python27\Scripts;C:\Progra~1\Git\bin;C:\Ruby193\bin;C:\PROGRA~1\IMAGEM~1.8-Q;C:\Users\combo\AppData\Local\Microsoft\WindowsApps;C:\Program Files\JetBrains\IntelliJ IDEA Community Edition 2019.1.3\bin;C:\Users\combo\AppData\Roaming\npm;C:\android\sdk\tools;C:\android\sdk\platform-tools;.;C:\Windows\System32;C:\Windows\System32;C:\Windows\System32\wbem;C:\Progra~1\Java\jdk1.8.0_231\bin;C:\Progra~1\Java\jdk1.8.0_231\lib;C:\Users\combo\.gradle\wrapper\dists\gradle-5.1.1-all\97z1ksx6lirer3kbvdnh7jtjg\gradle-5.1.1\bin;C:\Progra~1\nodejs";C:\ProgramData\chocolatey\bin;C:\Program Files (x86)\EasyFrom Inc\;C:\Program Files\OpenVPN\bin;C:\OSPanel\modules\php\PHP-7.2-x64;C:\ProgramData\ComposerSetup\bin;C:\Users\combo\AppData\Local\Programs\Python\Python38-32\Scripts\;C:\Users\combo\AppData\Local\Programs\Python\Python38-32\;C:\Users\combo\AppData\Local\Programs\Python\Python37-32\Scripts\;C:\Users\combo\AppData\Local\Programs\Python\Python37-32\;C:\Program Files (x86)\Nmap;C:\Users\combo\AppData\Roaming\Composer\vendor\bin;C:\Program Files\JetBrains\IntelliJ IDEA 2019.3.2\bin;C:\Program Files\JetBrains\IntelliJ IDEA Community Edition 2020.1\bin
USERNAME=combo
OS=Windows_NT
PROCESSOR_IDENTIFIER=Intel64 Family 6 Model 158 Stepping 10, GenuineIntel



---------------  S Y S T E M  ---------------

OS: Windows 10.0 , 64 bit Build 17763 (10.0.17763.475)

CPU:total 4 (initial active 4) (2 cores per cpu, 2 threads per core) family 6 model 158 stepping 10, cmov, cx8, fxsr, mmx, sse, sse2, sse3, ssse3, sse4.1, sse4.2, popcnt, aes, clmul, erms, 3dnowpref, lzcnt, ht, tsc, tscinvbit

Memory: 4k page, physical 8255776k(434548k free), swap 12450080k(376k free)

vm_info: Java HotSpot(TM) 64-Bit Server VM (25.231-b11) for windows-amd64 JRE (1.8.0_231-b11), built on Oct  5 2019 03:11:30 by "java_re" with MS VC++ 10.0 (VS2010)

time: Mon Jun 29 20:56:20 2020
timezone: Багдадское время (зима)
elapsed time: 152 seconds (0d 0h 2m 32s)

