#
# A fatal error has been detected by the Java Runtime Environment:
#
#  EXCEPTION_STACK_OVERFLOW (0xc00000fd) at pc=0x00000000604a5087, pid=7976, tid=0x0000000000000818
#
# JRE version: Java(TM) SE Runtime Environment (8.0_231-b11) (build 1.8.0_231-b11)
# Java VM: Java HotSpot(TM) 64-Bit Server VM (25.231-b11 mixed mode windows-amd64 compressed oops)
# Problematic frame:
# V  [jvm.dll+0x215087]
#
# Failed to write core dump. Minidumps are not enabled by default on client versions of Windows
#
# If you would like to submit a bug report, please visit:
#   http://bugreport.java.com/bugreport/crash.jsp
#

---------------  T H R E A D  ---------------

Current thread (0x000000001b08e800):  JavaThread "ForkJoinPool.commonPool-worker-0" daemon [_thread_in_vm, id=2072, stack(0x0000000040ef0000,0x0000000040ff0000)]

siginfo: ExceptionCode=0xc00000fd, ExceptionInformation=0x0000000000000001 0x0000000040fedea0 

Registers:
RAX=0x0000000040fedea0, RBX=0x0000000000000002, RCX=0x0000000000001000, RDX=0x0000000000000006
RSP=0x0000000040feeea0, RBP=0x0000000000000000, RSI=0x0000000040feeea0, RDI=0x0000000000000002
R8 =0x0000000000000006, R9 =0x000000001c8a3710, R10=0x000000001fe08ee0, R11=0x0000000040efa190
R12=0x000000001c8a3710, R13=0x000000001b08e800, R14=0x0000000040feef68, R15=0x000000001fe08ee0
RIP=0x00000000604a5087, EFLAGS=0x0000000000010206

Top of Stack: (sp=0x0000000040feeea0)
0x0000000040feeea0:   00000972dae7536e 0000000100006c48
0x0000000040feeeb0:   000000001b08e800 000000001c8a3710
0x0000000040feeec0:   00000000ffffffff 00000000604a5fb7
0x0000000040feeed0:   0000000040feefd0 000000001fe08ee0
0x0000000040feeee0:   000000001b08e800 0000000060351073
0x0000000040feeef0:   0000000040feef30 000000001b08e800
0x0000000040feef00:   0000000040feefc0 000000001b08e800
0x0000000040feef10:   000000001fe08ee0 000000001b08e800
0x0000000040feef20:   0000000002763be0 000000001b08e800
0x0000000040feef30:   000000001fe08ee0 000000001b08e800
0x0000000040feef40:   00000000144ae2f0 000000001b08e800
0x0000000040feef50:   0000000000000001 000000001fe08ee0
0x0000000040feef60:   000000001b08e800 0000000020e993c0
0x0000000040feef70:   000000001b08e800 00000000603527dd
0x0000000040feef80:   0000000040fef288 0000000100006c48
0x0000000040feef90:   00000001005f0c98 00007ffececfad9b 

Instructions: (pc=0x00000000604a5087)
0x00000000604a5067:   48 89 6c 24 30 33 ed 66 90 e8 8b 5c 08 00 ff c3
0x00000000604a5077:   48 63 c8 48 8b c6 48 0f af cf 48 ff c7 48 2b c1
0x00000000604a5087:   89 28 48 63 c3 48 3b 05 15 b8 59 00 7e db 48 8b
0x00000000604a5097:   6c 24 30 48 8b 5c 24 38 48 8b 74 24 40 48 83 c4 


Register to memory mapping:

RAX=0x0000000040fedea0 is pointing into the stack for thread: 0x000000001b08e800
RBX=0x0000000000000002 is an unknown value
RCX=0x0000000000001000 is an unknown value
RDX=0x0000000000000006 is an unknown value
RSP=0x0000000040feeea0 is pointing into the stack for thread: 0x000000001b08e800
RBP=0x0000000000000000 is an unknown value
RSI=0x0000000040feeea0 is pointing into the stack for thread: 0x000000001b08e800
RDI=0x0000000000000002 is an unknown value
R8 =0x0000000000000006 is an unknown value
R9 =0x000000001c8a3710 is an unknown value
R10={method} {0x000000001fe08ee8} 'run' '()V' in 'java/util/concurrent/ForkJoinWorkerThread'
R11=0x0000000040efa190 is pointing into the stack for thread: 0x000000001b08e800
R12=0x000000001c8a3710 is an unknown value
R13=0x000000001b08e800 is a thread
R14=0x0000000040feef68 is pointing into the stack for thread: 0x000000001b08e800
R15={method} {0x000000001fe08ee8} 'run' '()V' in 'java/util/concurrent/ForkJoinWorkerThread'


Stack: [0x0000000040ef0000,0x0000000040ff0000],  sp=0x0000000040feeea0,  free space=1019k
Native frames: (J=compiled Java code, j=interpreted, Vv=VM code, C=native code)


---------------  P R O C E S S  ---------------

Java Threads: ( => current thread )
=>0x000000001b08e800 JavaThread "ForkJoinPool.commonPool-worker-0" daemon [_thread_in_vm, id=2072, stack(0x0000000040ef0000,0x0000000040ff0000)]
  0x000000001b08d800 JavaThread "ForkJoinPool.commonPool-worker-3" daemon [_thread_blocked, id=9168, stack(0x0000000040cf0000,0x0000000040df0000)]
  0x000000001b08d000 JavaThread "ForkJoinPool.commonPool-worker-2" daemon [_thread_blocked, id=9800, stack(0x0000000040bf0000,0x0000000040cf0000)]
  0x000000001b092000 JavaThread "Cache worker for Java compile cache (D:\walhalla\TTDwn\AndroidStudioSourceCode\.gradle\6.1.1\javaCompile)" [_thread_blocked, id=3820, stack(0x0000000040af0000,0x0000000040bf0000)]
  0x000000001b085800 JavaThread "stdout" [_thread_in_native, id=4136, stack(0x00000000409f0000,0x0000000040af0000)]
  0x000000001b08c000 JavaThread "stderr" [_thread_in_native, id=5616, stack(0x00000000408f0000,0x00000000409f0000)]
  0x000000001b087800 JavaThread "pool-35-thread-1" [_thread_blocked, id=1264, stack(0x00000000407f0000,0x00000000408f0000)]
  0x000000001b088800 JavaThread "WorkerExecutor Queue Thread 2" [_thread_blocked, id=1764, stack(0x00000000406f0000,0x00000000407f0000)]
  0x000000001b086000 JavaThread "WorkerExecutor Queue" [_thread_blocked, id=2132, stack(0x00000000405f0000,0x00000000406f0000)]
  0x000000001b08b800 JavaThread "Cache worker for execution history cache (D:\walhalla\TTDwn\AndroidStudioSourceCode\.gradle\6.1.1\executionHistory)" [_thread_blocked, id=10164, stack(0x00000000404f0000,0x00000000405f0000)]
  0x000000001b084000 JavaThread "Execution worker for ':' Thread 3" [_thread_blocked, id=3628, stack(0x00000000403f0000,0x00000000404f0000)]
  0x000000001b08a800 JavaThread "Execution worker for ':' Thread 2" [_thread_blocked, id=2352, stack(0x00000000402f0000,0x00000000403f0000)]
  0x000000001b089000 JavaThread "Execution worker for ':'" [_thread_in_vm, id=4432, stack(0x00000000401f0000,0x00000000402f0000)]
  0x000000001b084800 JavaThread "Cache worker for file content cache (D:\walhalla\TTDwn\AndroidStudioSourceCode\.gradle\6.1.1\fileContent)" [_thread_blocked, id=7736, stack(0x00000000400f0000,0x00000000401f0000)]
  0x000000001b08a000 JavaThread "Cache worker for Build Output Cleanup Cache (D:\walhalla\TTDwn\AndroidStudioSourceCode\.gradle\buildOutputCleanup)" [_thread_blocked, id=8, stack(0x000000003fff0000,0x00000000400f0000)]
  0x000000001e0e1800 JavaThread "Build operations Thread 4" [_thread_blocked, id=5300, stack(0x000000003fef0000,0x000000003fff0000)]
  0x000000001e0e0000 JavaThread "Build operations Thread 3" [_thread_blocked, id=7340, stack(0x000000003fdf0000,0x000000003fef0000)]
  0x000000001e0e4000 JavaThread "Build operations Thread 2" [_thread_blocked, id=816, stack(0x000000003fcf0000,0x000000003fdf0000)]
  0x000000001e0e4800 JavaThread "Build operations" [_thread_blocked, id=180, stack(0x000000003fbf0000,0x000000003fcf0000)]
  0x000000001e0de800 JavaThread "Cache worker for cache directory md-rule (C:\Users\combo\.gradle\caches\6.1.1\md-rule)" [_thread_blocked, id=8876, stack(0x000000003faf0000,0x000000003fbf0000)]
  0x000000001e0df800 JavaThread "Cache worker for cache directory md-supplier (C:\Users\combo\.gradle\caches\6.1.1\md-supplier)" [_thread_blocked, id=1196, stack(0x000000003f9f0000,0x000000003faf0000)]
  0x000000001e0db800 JavaThread "Cache worker for file hash cache (D:\walhalla\TTDwn\AndroidStudioSourceCode\.gradle\6.1.1\fileHashes)" [_thread_blocked, id=1472, stack(0x000000003f8f0000,0x000000003f9f0000)]
  0x000000001e0e2800 JavaThread "Cache worker for checksums cache (D:\walhalla\TTDwn\AndroidStudioSourceCode\.gradle\checksums)" [_thread_blocked, id=10180, stack(0x000000003f7f0000,0x000000003f8f0000)]
  0x000000001e0d9800 JavaThread "Thread-305" [_thread_blocked, id=4232, stack(0x000000003f6f0000,0x000000003f7f0000)]
  0x000000001e0de000 JavaThread "Stdin handler" [_thread_blocked, id=1468, stack(0x000000003f5f0000,0x000000003f6f0000)]
  0x000000001e0d6800 JavaThread "Asynchronous log dispatcher for DefaultDaemonConnection: socket connection from /127.0.0.1:1686 to /127.0.0.1:3363" [_thread_blocked, id=6340, stack(0x000000003f4f0000,0x000000003f5f0000)]
  0x000000001e0d8000 JavaThread "Daemon worker Thread 10" [_thread_blocked, id=8936, stack(0x000000003f3f0000,0x000000003f4f0000)]
  0x000000001e0d7000 JavaThread "Cancel handler" [_thread_blocked, id=8940, stack(0x000000003f2f0000,0x000000003f3f0000)]
  0x000000001e0db000 JavaThread "Handler for socket connection from /127.0.0.1:1686 to /127.0.0.1:3363" [_thread_in_native, id=3928, stack(0x000000003f1f0000,0x000000003f2f0000)]
  0x000000001e0da000 JavaThread "Daemon Thread 10" [_thread_blocked, id=9356, stack(0x000000003f0f0000,0x000000003f1f0000)]
  0x000000001e12a000 JavaThread "Cache worker for Java compile cache (C:\Users\combo\.gradle\caches\6.1.1\javaCompile)" [_thread_blocked, id=9104, stack(0x00000000234e0000,0x00000000235e0000)]
  0x000000001e123000 JavaThread "Cache worker for file content cache (C:\Users\combo\.gradle\caches\6.1.1\fileContent)" [_thread_blocked, id=2540, stack(0x0000000021de0000,0x0000000021ee0000)]
  0x000000001e120000 JavaThread "Memory manager" [_thread_blocked, id=3484, stack(0x00000000202c0000,0x00000000203c0000)]
  0x0000000018a32800 JavaThread "Cache worker for execution history cache (C:\Users\combo\.gradle\caches\6.1.1\executionHistory)" [_thread_blocked, id=6820, stack(0x000000001d760000,0x000000001d860000)]
  0x0000000018a31800 JavaThread "Cache worker for file hash cache (C:\Users\combo\.gradle\caches\6.1.1\fileHashes)" [_thread_blocked, id=3456, stack(0x000000001abc0000,0x000000001acc0000)]
  0x0000000018a33000 JavaThread "File lock request listener" [_thread_in_native, id=7688, stack(0x000000001aac0000,0x000000001abc0000)]
  0x0000000018a2e000 JavaThread "Cache worker for journal cache (C:\Users\combo\.gradle\caches\journal-1)" [_thread_blocked, id=4884, stack(0x000000001a9c0000,0x000000001aac0000)]
  0x0000000018855800 JavaThread "Daemon periodic checks" [_thread_blocked, id=3844, stack(0x0000000019dc0000,0x0000000019ec0000)]
  0x0000000018807000 JavaThread "Incoming local TCP Connector on port 1686" [_thread_in_native, id=1912, stack(0x0000000019b70000,0x0000000019c70000)]
  0x0000000016869000 JavaThread "Daemon health stats" [_thread_blocked, id=4396, stack(0x0000000019530000,0x0000000019630000)]
  0x0000000014e7b800 JavaThread "Service Thread" daemon [_thread_blocked, id=3784, stack(0x0000000016b90000,0x0000000016c90000)]
  0x0000000014e37000 JavaThread "C1 CompilerThread2" daemon [_thread_blocked, id=3892, stack(0x0000000016690000,0x0000000016790000)]
  0x0000000014e2d800 JavaThread "C2 CompilerThread1" daemon [_thread_blocked, id=3788, stack(0x0000000016590000,0x0000000016690000)]
  0x0000000014e2b800 JavaThread "C2 CompilerThread0" daemon [_thread_blocked, id=6804, stack(0x0000000016490000,0x0000000016590000)]
  0x0000000014e28000 JavaThread "Attach Listener" daemon [_thread_blocked, id=4284, stack(0x0000000016390000,0x0000000016490000)]
  0x0000000014e27000 JavaThread "Signal Dispatcher" daemon [_thread_blocked, id=6824, stack(0x0000000016290000,0x0000000016390000)]
  0x000000000274d800 JavaThread "Finalizer" daemon [_thread_blocked, id=4280, stack(0x0000000016090000,0x0000000016190000)]
  0x0000000002744800 JavaThread "Reference Handler" daemon [_thread_blocked, id=5364, stack(0x0000000015f90000,0x0000000016090000)]
  0x0000000002653800 JavaThread "main" [_thread_blocked, id=5128, stack(0x0000000002550000,0x0000000002650000)]

Other Threads:
  0x0000000014de7000 VMThread [stack: 0x0000000015e90000,0x0000000015f90000] [id=5540]
  0x0000000014e7d000 WatcherThread [stack: 0x0000000016c90000,0x0000000016d90000] [id=3936]

VM state:not at safepoint (normal execution)

VM Mutex/Monitor currently owned by a thread: None

heap address: 0x00000000c0000000, size: 1024 MB, Compressed Oops mode: 32-bit
Narrow klass base: 0x0000000000000000, Narrow klass shift: 3
Compressed class space size: 1073741824 Address: 0x0000000100000000

Heap:
 PSYoungGen      total 261120K, used 49813K [0x00000000eab00000, 0x00000000ff900000, 0x0000000100000000)
  eden space 180224K, 23% used [0x00000000eab00000,0x00000000ed44a908,0x00000000f5b00000)
  from space 80896K, 9% used [0x00000000f5b00000,0x00000000f625ad10,0x00000000faa00000)
  to   space 77312K, 0% used [0x00000000fad80000,0x00000000fad80000,0x00000000ff900000)
 ParOldGen       total 177664K, used 97453K [0x00000000c0000000, 0x00000000cad80000, 0x00000000eab00000)
  object space 177664K, 54% used [0x00000000c0000000,0x00000000c5f2b4c8,0x00000000cad80000)
 Metaspace       used 104613K, capacity 111421K, committed 115584K, reserved 1148928K
  class space    used 13601K, capacity 14805K, committed 15488K, reserved 1048576K

Card table byte_map: [0x0000000011b10000,0x0000000011d20000] byte_map_base: 0x0000000011510000

Marking Bits: (ParMarkBitMap*) 0x0000000060ab6d90
 Begin Bits: [0x0000000012280000, 0x0000000013280000)
 End Bits:   [0x0000000013280000, 0x0000000014280000)

Polling page: 0x0000000000800000

CodeCache: size=245760Kb used=82256Kb max_used=84610Kb free=163503Kb
 bounds [0x0000000002750000, 0x0000000007a60000, 0x0000000011750000]
 total_blobs=22632 nmethods=21723 adapters=818
 compilation: enabled

Compilation events (10 events):
Event: 4946.048 Thread 0x0000000014e2d800 29259   !   4       java.util.concurrent.LinkedBlockingQueue::offer (130 bytes)
Event: 4946.049 Thread 0x0000000014e37000 29260       3       org.gradle.api.internal.file.collections.DefaultFileCollectionResolveContext$FileTreeConverter::convertFileToFileTree (85 bytes)
Event: 4946.054 Thread 0x0000000014e37000 nmethod 29260 0x0000000007443710 code [0x00000000074439e0, 0x0000000007445098]
Event: 4946.072 Thread 0x0000000014e37000 29261       3       com.google.common.cache.LocalCache$LocalManualCache::size (8 bytes)
Event: 4946.073 Thread 0x0000000014e37000 nmethod 29261 0x0000000004b14b50 code [0x0000000004b14cc0, 0x0000000004b14e48]
Event: 4946.081 Thread 0x0000000014e2d800 nmethod 29259 0x000000000743df90 code [0x000000000743e220, 0x000000000743f5e8]
Event: 4946.093 Thread 0x0000000014e37000 29262       3       com.google.common.cache.LocalCache::longSize (40 bytes)
Event: 4946.093 Thread 0x0000000014e37000 nmethod 29262 0x000000000771c410 code [0x000000000771c580, 0x000000000771c850]
Event: 4946.170 Thread 0x0000000014e37000 29263       3       org.gradle.internal.execution.history.changes.DefaultFileChange::<init> (38 bytes)
Event: 4946.171 Thread 0x0000000014e37000 nmethod 29263 0x0000000004ec6450 code [0x0000000004ec65a0, 0x0000000004ec67d0]

GC Heap History (10 events):
Event: 3001.919 GC heap before
{Heap before GC invocations=44 (full 5):
 PSYoungGen      total 246784K, used 176423K [0x00000000eab00000, 0x00000000ff980000, 0x0000000100000000)
  eden space 157184K, 100% used [0x00000000eab00000,0x00000000f4480000,0x00000000f4480000)
  from space 89600K, 21% used [0x00000000fa200000,0x00000000fb4c9cf8,0x00000000ff980000)
  to   space 92672K, 0% used [0x00000000f4480000,0x00000000f4480000,0x00000000f9f00000)
 ParOldGen       total 177664K, used 80507K [0x00000000c0000000, 0x00000000cad80000, 0x00000000eab00000)
  object space 177664K, 45% used [0x00000000c0000000,0x00000000c4e9ee80,0x00000000cad80000)
 Metaspace       used 103610K, capacity 110329K, committed 115584K, reserved 1148928K
  class space    used 13497K, capacity 14701K, committed 15488K, reserved 1048576K
Event: 3001.972 GC heap after
Heap after GC invocations=44 (full 5):
 PSYoungGen      total 249856K, used 40179K [0x00000000eab00000, 0x00000000ffc00000, 0x0000000100000000)
  eden space 157184K, 0% used [0x00000000eab00000,0x00000000eab00000,0x00000000f4480000)
  from space 92672K, 43% used [0x00000000f4480000,0x00000000f6bbced0,0x00000000f9f00000)
  to   space 89088K, 0% used [0x00000000fa500000,0x00000000fa500000,0x00000000ffc00000)
 ParOldGen       total 177664K, used 80507K [0x00000000c0000000, 0x00000000cad80000, 0x00000000eab00000)
  object space 177664K, 45% used [0x00000000c0000000,0x00000000c4e9ee80,0x00000000cad80000)
 Metaspace       used 103610K, capacity 110329K, committed 115584K, reserved 1148928K
  class space    used 13497K, capacity 14701K, committed 15488K, reserved 1048576K
}
Event: 3002.709 GC heap before
{Heap before GC invocations=45 (full 5):
 PSYoungGen      total 249856K, used 197158K [0x00000000eab00000, 0x00000000ffc00000, 0x0000000100000000)
  eden space 157184K, 99% used [0x00000000eab00000,0x00000000f444cc18,0x00000000f4480000)
  from space 92672K, 43% used [0x00000000f4480000,0x00000000f6bbced0,0x00000000f9f00000)
  to   space 89088K, 0% used [0x00000000fa500000,0x00000000fa500000,0x00000000ffc00000)
 ParOldGen       total 177664K, used 80507K [0x00000000c0000000, 0x00000000cad80000, 0x00000000eab00000)
  object space 177664K, 45% used [0x00000000c0000000,0x00000000c4e9ee80,0x00000000cad80000)
 Metaspace       used 103633K, capacity 110401K, committed 115584K, reserved 1148928K
  class space    used 13497K, capacity 14701K, committed 15488K, reserved 1048576K
Event: 3002.734 GC heap after
Heap after GC invocations=45 (full 5):
 PSYoungGen      total 249856K, used 23588K [0x00000000eab00000, 0x00000000ff580000, 0x0000000100000000)
  eden space 167424K, 0% used [0x00000000eab00000,0x00000000eab00000,0x00000000f4e80000)
  from space 82432K, 28% used [0x00000000fa500000,0x00000000fbc09118,0x00000000ff580000)
  to   space 85504K, 0% used [0x00000000f4e80000,0x00000000f4e80000,0x00000000fa200000)
 ParOldGen       total 177664K, used 81493K [0x00000000c0000000, 0x00000000cad80000, 0x00000000eab00000)
  object space 177664K, 45% used [0x00000000c0000000,0x00000000c4f95628,0x00000000cad80000)
 Metaspace       used 103633K, capacity 110401K, committed 115584K, reserved 1148928K
  class space    used 13497K, capacity 14701K, committed 15488K, reserved 1048576K
}
Event: 4932.499 GC heap before
{Heap before GC invocations=46 (full 5):
 PSYoungGen      total 249856K, used 191012K [0x00000000eab00000, 0x00000000ff580000, 0x0000000100000000)
  eden space 167424K, 100% used [0x00000000eab00000,0x00000000f4e80000,0x00000000f4e80000)
  from space 82432K, 28% used [0x00000000fa500000,0x00000000fbc09118,0x00000000ff580000)
  to   space 85504K, 0% used [0x00000000f4e80000,0x00000000f4e80000,0x00000000fa200000)
 ParOldGen       total 177664K, used 81493K [0x00000000c0000000, 0x00000000cad80000, 0x00000000eab00000)
  object space 177664K, 45% used [0x00000000c0000000,0x00000000c4f95628,0x00000000cad80000)
 Metaspace       used 103715K, capacity 110477K, committed 115584K, reserved 1148928K
  class space    used 13497K, capacity 14701K, committed 15488K, reserved 1048576K
Event: 4932.595 GC heap after
Heap after GC invocations=46 (full 5):
 PSYoungGen      total 252928K, used 13903K [0x00000000eab00000, 0x00000000fff00000, 0x0000000100000000)
  eden space 167424K, 0% used [0x00000000eab00000,0x00000000eab00000,0x00000000f4e80000)
  from space 85504K, 16% used [0x00000000f4e80000,0x00000000f5c13c98,0x00000000fa200000)
  to   space 83456K, 0% used [0x00000000fad80000,0x00000000fad80000,0x00000000fff00000)
 ParOldGen       total 177664K, used 83025K [0x00000000c0000000, 0x00000000cad80000, 0x00000000eab00000)
  object space 177664K, 46% used [0x00000000c0000000,0x00000000c5114648,0x00000000cad80000)
 Metaspace       used 103715K, capacity 110477K, committed 115584K, reserved 1148928K
  class space    used 13497K, capacity 14701K, committed 15488K, reserved 1048576K
}
Event: 4937.750 GC heap before
{Heap before GC invocations=47 (full 5):
 PSYoungGen      total 252928K, used 181327K [0x00000000eab00000, 0x00000000fff00000, 0x0000000100000000)
  eden space 167424K, 100% used [0x00000000eab00000,0x00000000f4e80000,0x00000000f4e80000)
  from space 85504K, 16% used [0x00000000f4e80000,0x00000000f5c13c98,0x00000000fa200000)
  to   space 83456K, 0% used [0x00000000fad80000,0x00000000fad80000,0x00000000fff00000)
 ParOldGen       total 177664K, used 83025K [0x00000000c0000000, 0x00000000cad80000, 0x00000000eab00000)
  object space 177664K, 46% used [0x00000000c0000000,0x00000000c5114648,0x00000000cad80000)
 Metaspace       used 103764K, capacity 110547K, committed 115584K, reserved 1148928K
  class space    used 13498K, capacity 14703K, committed 15488K, reserved 1048576K
Event: 4937.968 GC heap after
Heap after GC invocations=47 (full 5):
 PSYoungGen      total 257536K, used 15710K [0x00000000eab00000, 0x00000000ff900000, 0x0000000100000000)
  eden space 180224K, 0% used [0x00000000eab00000,0x00000000eab00000,0x00000000f5b00000)
  from space 77312K, 20% used [0x00000000fad80000,0x00000000fbcd7920,0x00000000ff900000)
  to   space 80896K, 0% used [0x00000000f5b00000,0x00000000f5b00000,0x00000000faa00000)
 ParOldGen       total 177664K, used 83429K [0x00000000c0000000, 0x00000000cad80000, 0x00000000eab00000)
  object space 177664K, 46% used [0x00000000c0000000,0x00000000c5179688,0x00000000cad80000)
 Metaspace       used 103764K, capacity 110547K, committed 115584K, reserved 1148928K
  class space    used 13498K, capacity 14703K, committed 15488K, reserved 1048576K
}
Event: 4945.036 GC heap before
{Heap before GC invocations=48 (full 5):
 PSYoungGen      total 257536K, used 195934K [0x00000000eab00000, 0x00000000ff900000, 0x0000000100000000)
  eden space 180224K, 100% used [0x00000000eab00000,0x00000000f5b00000,0x00000000f5b00000)
  from space 77312K, 20% used [0x00000000fad80000,0x00000000fbcd7920,0x00000000ff900000)
  to   space 80896K, 0% used [0x00000000f5b00000,0x00000000f5b00000,0x00000000faa00000)
 ParOldGen       total 177664K, used 83429K [0x00000000c0000000, 0x00000000cad80000, 0x00000000eab00000)
  object space 177664K, 46% used [0x00000000c0000000,0x00000000c5179688,0x00000000cad80000)
 Metaspace       used 104608K, capacity 111421K, committed 115584K, reserved 1148928K
  class space    used 13601K, capacity 14805K, committed 15488K, reserved 1048576K
Event: 4945.782 GC heap after
Heap after GC invocations=48 (full 5):
 PSYoungGen      total 261120K, used 7531K [0x00000000eab00000, 0x00000000ff900000, 0x0000000100000000)
  eden space 180224K, 0% used [0x00000000eab00000,0x00000000eab00000,0x00000000f5b00000)
  from space 80896K, 9% used [0x00000000f5b00000,0x00000000f625ad10,0x00000000faa00000)
  to   space 77312K, 0% used [0x00000000fad80000,0x00000000fad80000,0x00000000ff900000)
 ParOldGen       total 177664K, used 97453K [0x00000000c0000000, 0x00000000cad80000, 0x00000000eab00000)
  object space 177664K, 54% used [0x00000000c0000000,0x00000000c5f2b4c8,0x00000000cad80000)
 Metaspace       used 104608K, capacity 111421K, committed 115584K, reserved 1148928K
  class space    used 13601K, capacity 14805K, committed 15488K, reserved 1048576K
}

Deoptimization events (10 events):
Event: 2999.818 Thread 0x0000000018a2e000 Uncommon trap: reason=unstable_if action=reinterpret pc=0x00000000069823a0 method=java.util.concurrent.locks.AbstractQueuedSynchronizer.hasQueuedPredecessors()Z @ 21
Event: 3000.127 Thread 0x000000001b087800 Uncommon trap: reason=null_check action=make_not_entrant pc=0x000000000796b4d8 method=org.gradle.api.internal.tasks.properties.bean.AbstractNestedRuntimeBeanNode$BeanPropertyValue.isConfigurable()Z @ 9
Event: 3002.289 Thread 0x000000001e0d9800 Uncommon trap: reason=predicate action=maybe_recompile pc=0x0000000005875018 method=com.sun.tools.javac.util.Name.startsWith(Lcom/sun/tools/javac/util/Name;)Z @ 44
Event: 3002.467 Thread 0x000000001e0d9800 Uncommon trap: reason=unstable_if action=reinterpret pc=0x0000000003ef4878 method=java.util.concurrent.locks.AbstractQueuedSynchronizer.hasQueuedPredecessors()Z @ 21
Event: 3003.211 Thread 0x000000001b084800 Uncommon trap: reason=unstable_if action=reinterpret pc=0x000000000751741c method=java.util.concurrent.locks.AbstractQueuedSynchronizer$ConditionObject.awaitNanos(J)J @ 115
Event: 4933.185 Thread 0x000000001e0d8000 Uncommon trap: reason=class_check action=maybe_recompile pc=0x0000000004d93e38 method=com.sun.org.apache.xerces.internal.dom.AttrImpl.getOwnerElement()Lorg/w3c/dom/Element; @ 18
Event: 4933.186 Thread 0x000000001e0d8000 Uncommon trap: reason=class_check action=maybe_recompile pc=0x0000000004d93e38 method=com.sun.org.apache.xerces.internal.dom.AttrImpl.getOwnerElement()Lorg/w3c/dom/Element; @ 18
Event: 4933.186 Thread 0x000000001e0d8000 Uncommon trap: reason=class_check action=maybe_recompile pc=0x0000000004d93e38 method=com.sun.org.apache.xerces.internal.dom.AttrImpl.getOwnerElement()Lorg/w3c/dom/Element; @ 18
Event: 4933.186 Thread 0x000000001e0d8000 Uncommon trap: reason=class_check action=maybe_recompile pc=0x0000000004d93e38 method=com.sun.org.apache.xerces.internal.dom.AttrImpl.getOwnerElement()Lorg/w3c/dom/Element; @ 18
Event: 4944.330 Thread 0x000000001b08a800 Uncommon trap: reason=unstable_if action=reinterpret pc=0x00000000031661f4 method=java.lang.ref.SoftReference.get()Ljava/lang/Object; @ 6

Classes redefined (0 events):
No events

Internal exceptions (10 events):
Event: 4936.951 Thread 0x000000001b08a800 Exception <a 'sun/nio/fs/WindowsException'> (0x00000000f494ac50) thrown at [C:\re\workspace\8-2-build-windows-amd64-cygwin\jdk8u231\13620\hotspot\src\share\vm\prims\jni.cpp, line 710]
Event: 4936.951 Thread 0x000000001b08a800 Exception <a 'sun/nio/fs/WindowsException'> (0x00000000f494b8b0) thrown at [C:\re\workspace\8-2-build-windows-amd64-cygwin\jdk8u231\13620\hotspot\src\share\vm\prims\jni.cpp, line 710]
Event: 4936.951 Thread 0x000000001b08a800 Exception <a 'sun/nio/fs/WindowsException'> (0x00000000f494c598) thrown at [C:\re\workspace\8-2-build-windows-amd64-cygwin\jdk8u231\13620\hotspot\src\share\vm\prims\jni.cpp, line 710]
Event: 4936.952 Thread 0x000000001b08a800 Exception <a 'sun/nio/fs/WindowsException'> (0x00000000f4953418) thrown at [C:\re\workspace\8-2-build-windows-amd64-cygwin\jdk8u231\13620\hotspot\src\share\vm\prims\jni.cpp, line 710]
Event: 4936.952 Thread 0x000000001b08a800 Exception <a 'sun/nio/fs/WindowsException'> (0x00000000f49540c0) thrown at [C:\re\workspace\8-2-build-windows-amd64-cygwin\jdk8u231\13620\hotspot\src\share\vm\prims\jni.cpp, line 710]
Event: 4936.952 Thread 0x000000001b08a800 Exception <a 'sun/nio/fs/WindowsException'> (0x00000000f4954df0) thrown at [C:\re\workspace\8-2-build-windows-amd64-cygwin\jdk8u231\13620\hotspot\src\share\vm\prims\jni.cpp, line 710]
Event: 4936.953 Thread 0x000000001b08a800 Exception <a 'sun/nio/fs/WindowsException'> (0x00000000f4956bb0) thrown at [C:\re\workspace\8-2-build-windows-amd64-cygwin\jdk8u231\13620\hotspot\src\share\vm\prims\jni.cpp, line 710]
Event: 4936.953 Thread 0x000000001b08a800 Exception <a 'sun/nio/fs/WindowsException'> (0x00000000f4957868) thrown at [C:\re\workspace\8-2-build-windows-amd64-cygwin\jdk8u231\13620\hotspot\src\share\vm\prims\jni.cpp, line 710]
Event: 4936.953 Thread 0x000000001b08a800 Exception <a 'sun/nio/fs/WindowsException'> (0x00000000f4958628) thrown at [C:\re\workspace\8-2-build-windows-amd64-cygwin\jdk8u231\13620\hotspot\src\share\vm\prims\jni.cpp, line 710]
Event: 4944.329 Thread 0x000000001b08a800 Implicit null exception at 0x000000000315e446 to 0x00000000031661c5

Events (10 events):
Event: 4944.731 Thread 0x000000001b08a800 DEOPT UNPACKING pc=0x0000000002797490 sp=0x00000000403eb058 mode 0
Event: 4945.035 Executing VM operation: ParallelGCFailedAllocation
Event: 4945.782 Executing VM operation: ParallelGCFailedAllocation done
Event: 4946.051 Executing VM operation: RevokeBias
Event: 4946.052 Executing VM operation: RevokeBias done
Event: 4946.062 Executing VM operation: RevokeBias
Event: 4946.063 Executing VM operation: RevokeBias done
Event: 4946.177 Thread 0x000000001b08d000 Thread added: 0x000000001b08d000
Event: 4946.177 Thread 0x000000001b08d800 Thread added: 0x000000001b08d800
Event: 4946.180 Thread 0x000000001b08e800 Thread added: 0x000000001b08e800


Dynamic libraries:
0x00007ff7691e0000 - 0x00007ff769217000 	C:\Program Files\Java\jdk1.8.0_231\bin\java.exe
0x00007ffee9440000 - 0x00007ffee962d000 	C:\Windows\SYSTEM32\ntdll.dll
0x00007ffee8840000 - 0x00007ffee88f3000 	C:\Windows\System32\KERNEL32.DLL
0x00007ffee58d0000 - 0x00007ffee5b63000 	C:\Windows\System32\KERNELBASE.dll
0x00007ffee9290000 - 0x00007ffee9333000 	C:\Windows\System32\ADVAPI32.dll
0x00007ffee90a0000 - 0x00007ffee913e000 	C:\Windows\System32\msvcrt.dll
0x00007ffee9140000 - 0x00007ffee91de000 	C:\Windows\System32\sechost.dll
0x00007ffee6710000 - 0x00007ffee6832000 	C:\Windows\System32\RPCRT4.dll
0x00007ffee6a90000 - 0x00007ffee6c27000 	C:\Windows\System32\USER32.dll
0x00007ffee6640000 - 0x00007ffee6660000 	C:\Windows\System32\win32u.dll
0x00007ffee8e40000 - 0x00007ffee8e69000 	C:\Windows\System32\GDI32.dll
0x00007ffee5600000 - 0x00007ffee5799000 	C:\Windows\System32\gdi32full.dll
0x00007ffee5500000 - 0x00007ffee55a0000 	C:\Windows\System32\msvcp_win.dll
0x00007ffee5da0000 - 0x00007ffee5e9a000 	C:\Windows\System32\ucrtbase.dll
0x00007ffed0420000 - 0x00007ffed0699000 	C:\Windows\WinSxS\amd64_microsoft.windows.common-controls_6595b64144ccf1df_6.0.17763.737_none_05b6437c071e554b\COMCTL32.dll
0x00007ffee8970000 - 0x00007ffee8c9c000 	C:\Windows\System32\combase.dll
0x00007ffee5850000 - 0x00007ffee58ce000 	C:\Windows\System32\bcryptPrimitives.dll
0x00007ffee8e10000 - 0x00007ffee8e3e000 	C:\Windows\System32\IMM32.DLL
0x0000000060b40000 - 0x0000000060c12000 	C:\Program Files\Java\jdk1.8.0_231\jre\bin\msvcr100.dll
0x0000000060290000 - 0x0000000060b36000 	C:\Program Files\Java\jdk1.8.0_231\jre\bin\server\jvm.dll
0x00007ffee6a60000 - 0x00007ffee6a68000 	C:\Windows\System32\PSAPI.DLL
0x00007ffee3670000 - 0x00007ffee3694000 	C:\Windows\SYSTEM32\WINMM.dll
0x00007ffec1a60000 - 0x00007ffec1a69000 	C:\Windows\SYSTEM32\WSOCK32.dll
0x00007ffee8900000 - 0x00007ffee896d000 	C:\Windows\System32\WS2_32.dll
0x00007ffee07c0000 - 0x00007ffee07ca000 	C:\Windows\SYSTEM32\VERSION.dll
0x00007ffee3610000 - 0x00007ffee363d000 	C:\Windows\SYSTEM32\winmmbase.dll
0x00007ffee5b70000 - 0x00007ffee5bba000 	C:\Windows\System32\cfgmgr32.dll
0x00007ffee0560000 - 0x00007ffee056f000 	C:\Program Files\Java\jdk1.8.0_231\jre\bin\verify.dll
0x00007ffeceb00000 - 0x00007ffeceb29000 	C:\Program Files\Java\jdk1.8.0_231\jre\bin\java.dll
0x00007ffee0540000 - 0x00007ffee0556000 	C:\Program Files\Java\jdk1.8.0_231\jre\bin\zip.dll
0x00007ffee6e40000 - 0x00007ffee8332000 	C:\Windows\System32\SHELL32.dll
0x00007ffee91e0000 - 0x00007ffee9288000 	C:\Windows\System32\shcore.dll
0x00007ffee5ec0000 - 0x00007ffee660a000 	C:\Windows\System32\windows.storage.dll
0x00007ffee5490000 - 0x00007ffee54b4000 	C:\Windows\System32\profapi.dll
0x00007ffee5430000 - 0x00007ffee548d000 	C:\Windows\System32\powrprof.dll
0x00007ffee9040000 - 0x00007ffee9092000 	C:\Windows\System32\shlwapi.dll
0x00007ffee54c0000 - 0x00007ffee54d1000 	C:\Windows\System32\kernel.appcore.dll
0x00007ffee5ea0000 - 0x00007ffee5eb7000 	C:\Windows\System32\cryptsp.dll
0x00007ffed4b50000 - 0x00007ffed4b6a000 	C:\Program Files\Java\jdk1.8.0_231\jre\bin\net.dll
0x00007ffee4c40000 - 0x00007ffee4ca7000 	C:\Windows\system32\mswsock.dll
0x00007ffed29b0000 - 0x00007ffed29c2000 	C:\Program Files\Java\jdk1.8.0_231\jre\bin\nio.dll
0x00007ffececf0000 - 0x00007ffeced16000 	C:\Users\combo\.gradle\native\31\windows-amd64\native-platform.dll
0x00007ffed2440000 - 0x00007ffed244d000 	C:\Program Files\Java\jdk1.8.0_231\jre\bin\management.dll
0x00007ffee47c0000 - 0x00007ffee47f3000 	C:\Windows\system32\rsaenh.dll
0x00007ffee6610000 - 0x00007ffee6636000 	C:\Windows\System32\bcrypt.dll
0x00007ffee5330000 - 0x00007ffee5358000 	C:\Windows\SYSTEM32\USERENV.dll
0x00007ffee4e10000 - 0x00007ffee4e1c000 	C:\Windows\SYSTEM32\CRYPTBASE.dll
0x00007ffee4960000 - 0x00007ffee499d000 	C:\Windows\SYSTEM32\IPHLPAPI.DLL
0x00007ffee8e70000 - 0x00007ffee8e78000 	C:\Windows\System32\NSI.dll
0x00007ffed9900000 - 0x00007ffed9916000 	C:\Windows\SYSTEM32\dhcpcsvc6.DLL
0x00007ffed9750000 - 0x00007ffed976c000 	C:\Windows\SYSTEM32\dhcpcsvc.DLL
0x00007ffee49a0000 - 0x00007ffee4a66000 	C:\Windows\SYSTEM32\DNSAPI.dll
0x00007ffece7c0000 - 0x00007ffece7e4000 	C:\Program Files\Java\jdk1.8.0_231\jre\bin\sunec.dll

VM Arguments:
jvm_args: -Xmx1536m -Dfile.encoding=windows-1251 -Duser.country=RU -Duser.language=ru -Duser.variant -Xmx1024M 
java_command: org.gradle.launcher.daemon.bootstrap.GradleDaemon 6.1.1
java_class_path (initial): C:\Users\combo\.gradle\wrapper\dists\gradle-6.1.1-all\cfmwm155h49vnt3hynmlrsdst\gradle-6.1.1\lib\gradle-launcher-6.1.1.jar
Launcher Type: SUN_STANDARD

Environment Variables:
JAVA_HOME=C:\Progra~1\Java\jdk1.8.0_231
JRE_HOME=C:\Progra~1\Java\jre1.8.0_231
_JAVA_OPTIONS=-Xmx1024M
PATH=C:\Program Files\AdoptOpenJDK\jre-11.0.7.10-hotspot\bin;C:\Perl64\bin;D:\bin;C:\android\sdk\emulator\qemu;C:\Program Files (x86)\PC Connectivity Solution\;C:\webdrivers;C:\Users\combo\.gradle\wrapper\dists\gradle-5.1.1-all\97z1ksx6lirer3kbvdnh7jtjg\gradle-5.1.1;C:\Windows\System32;C:\Progra~1\nodejs;C:\Python27;C:\Python27\Scripts;C:\Progra~1\Git\bin;C:\Ruby193\bin;C:\PROGRA~1\IMAGEM~1.8-Q;C:\Users\combo\AppData\Local\Microsoft\WindowsApps;C:\Program Files\JetBrains\IntelliJ IDEA Community Edition 2019.1.3\bin;C:\Users\combo\AppData\Roaming\npm;C:\android\sdk\tools;C:\android\sdk\platform-tools;.;C:\Windows\System32;C:\Windows\System32;C:\Windows\System32\wbem;C:\Progra~1\Java\jdk1.8.0_231\bin;C:\Progra~1\Java\jdk1.8.0_231\lib;C:\Users\combo\.gradle\wrapper\dists\gradle-5.1.1-all\97z1ksx6lirer3kbvdnh7jtjg\gradle-5.1.1\bin;C:\Progra~1\nodejs";C:\ProgramData\chocolatey\bin;C:\Program Files (x86)\EasyFrom Inc\;C:\Program Files\OpenVPN\bin;C:\OSPanel\modules\php\PHP-7.2-x64;C:\ProgramData\ComposerSetup\bin;C:\Users\combo\AppData\Local\Programs\Python\Python38-32\Scripts\;C:\Users\combo\AppData\Local\Programs\Python\Python38-32\;C:\Users\combo\AppData\Local\Programs\Python\Python37-32\Scripts\;C:\Users\combo\AppData\Local\Programs\Python\Python37-32\;C:\Program Files (x86)\Nmap;C:\Users\combo\AppData\Roaming\Composer\vendor\bin;C:\Program Files\JetBrains\IntelliJ IDEA 2019.3.2\bin;C:\Program Files\JetBrains\IntelliJ IDEA Community Edition 2020.1\bin
USERNAME=combo
OS=Windows_NT
PROCESSOR_IDENTIFIER=Intel64 Family 6 Model 158 Stepping 10, GenuineIntel



---------------  S Y S T E M  ---------------

OS: Windows 10.0 , 64 bit Build 17763 (10.0.17763.475)

CPU:total 4 (initial active 4) (2 cores per cpu, 2 threads per core) family 6 model 158 stepping 10, cmov, cx8, fxsr, mmx, sse, sse2, sse3, ssse3, sse4.1, sse4.2, popcnt, aes, clmul, erms, 3dnowpref, lzcnt, ht, tsc, tscinvbit

Memory: 4k page, physical 8255776k(478020k free), swap 12450080k(0k free)

vm_info: Java HotSpot(TM) 64-Bit Server VM (25.231-b11) for windows-amd64 JRE (1.8.0_231-b11), built on Oct  5 2019 03:11:30 by "java_re" with MS VC++ 10.0 (VS2010)

time: Wed Jul 29 20:04:34 2020
timezone: Багдадское время (зима)
elapsed time: 4946 seconds (0d 1h 22m 26s)

