#
# There is insufficient memory for the Java Runtime Environment to continue.
# Native memory allocation (malloc) failed to allocate 559904 bytes for Chunk::new
# Possible reasons:
#   The system is out of physical RAM or swap space
#   The process is running with CompressedOops enabled, and the Java Heap may be blocking the growth of the native heap
# Possible solutions:
#   Reduce memory load on the system
#   Increase physical memory or swap space
#   Check if swap backing store is full
#   Decrease Java heap size (-Xmx/-Xms)
#   Decrease number of Java threads
#   Decrease Java thread stack sizes (-Xss)
#   Set larger code cache with -XX:ReservedCodeCacheSize=
#   JVM is running with Unscaled Compressed Oops mode in which the Java heap is
#     placed in the first 4GB address space. The Java Heap base address is the
#     maximum limit for the native heap growth. Please use -XX:HeapBaseMinAddress
#     to set the Java Heap base and to place the Java Heap above 4GB virtual address.
# This output file may be truncated or incomplete.
#
#  Out of Memory Error (allocation.cpp:389), pid=5376, tid=0x00000000000003e0
#
# JRE version: Java(TM) SE Runtime Environment (8.0_231-b11) (build 1.8.0_231-b11)
# Java VM: Java HotSpot(TM) 64-Bit Server VM (25.231-b11 mixed mode windows-amd64 compressed oops)
# Failed to write core dump. Minidumps are not enabled by default on client versions of Windows
#

---------------  T H R E A D  ---------------

Current thread (0x000000001563b000):  JavaThread "C2 CompilerThread0" daemon [_thread_in_native, id=992, stack(0x0000000016ca0000,0x0000000016da0000)]

Stack: [0x0000000016ca0000,0x0000000016da0000]
[error occurred during error reporting (printing stack bounds), id 0xc0000005]

Native frames: (J=compiled Java code, j=interpreted, Vv=VM code, C=native code)


Current CompileTask:
C2:  24822 8937       4       org.gradle.cache.internal.btree.CachingBlockStore::read (56 bytes)


---------------  P R O C E S S  ---------------

Java Threads: ( => current thread )
  0x000000001d348000 JavaThread "Execution worker for ':' Thread 3" [_thread_in_Java, id=12136, stack(0x0000000024000000,0x0000000024100000)]
  0x000000001d346000 JavaThread "Execution worker for ':' Thread 2" [_thread_in_native, id=6956, stack(0x0000000023f00000,0x0000000024000000)]
  0x000000001d345000 JavaThread "Execution worker for ':'" [_thread_blocked, id=11056, stack(0x0000000023e00000,0x0000000023f00000)]
  0x000000001d346800 JavaThread "Cache worker for file content cache (D:\walhalla\TTDwn\AndroidStudioSourceCode\.gradle\6.1.1\fileContent)" [_thread_blocked, id=9024, stack(0x0000000022730000,0x0000000022830000)]
  0x000000001d349800 JavaThread "Cache worker for file content cache (C:\Users\combo\.gradle\caches\6.1.1\fileContent)" [_thread_blocked, id=7320, stack(0x0000000022390000,0x0000000022490000)]
  0x000000001d343800 JavaThread "Memory manager" [_thread_blocked, id=9208, stack(0x0000000022290000,0x0000000022390000)]
  0x000000001d33c000 JavaThread "Cache worker for Build Output Cleanup Cache (D:\walhalla\TTDwn\AndroidStudioSourceCode\.gradle\buildOutputCleanup)" [_thread_blocked, id=10512, stack(0x00000000207c0000,0x00000000208c0000)]
  0x000000001d343000 JavaThread "Build operations Thread 4" [_thread_blocked, id=10260, stack(0x00000000200c0000,0x00000000201c0000)]
  0x000000001d342000 JavaThread "Build operations Thread 3" [_thread_blocked, id=3804, stack(0x000000001fd40000,0x000000001fe40000)]
  0x000000001d33a800 JavaThread "Build operations Thread 2" [_thread_blocked, id=10900, stack(0x000000001fc40000,0x000000001fd40000)]
  0x000000001d33e800 JavaThread "Build operations" [_thread_blocked, id=788, stack(0x000000001fb40000,0x000000001fc40000)]
  0x000000001d33d800 JavaThread "Cache worker for execution history cache (C:\Users\combo\.gradle\caches\6.1.1\executionHistory)" [_thread_blocked, id=10932, stack(0x000000001f240000,0x000000001f340000)]
  0x000000001d340000 JavaThread "Cache worker for cache directory md-rule (C:\Users\combo\.gradle\caches\6.1.1\md-rule)" [_thread_blocked, id=10088, stack(0x000000001f140000,0x000000001f240000)]
  0x000000001d33d000 JavaThread "Cache worker for cache directory md-supplier (C:\Users\combo\.gradle\caches\6.1.1\md-supplier)" [_thread_blocked, id=6304, stack(0x000000001f040000,0x000000001f140000)]
  0x000000001d33f000 JavaThread "Cache worker for file hash cache (D:\walhalla\TTDwn\AndroidStudioSourceCode\.gradle\6.1.1\fileHashes)" [_thread_blocked, id=12252, stack(0x000000001ed40000,0x000000001ee40000)]
  0x000000001d340800 JavaThread "Cache worker for checksums cache (D:\walhalla\TTDwn\AndroidStudioSourceCode\.gradle\checksums)" [_thread_blocked, id=11628, stack(0x000000001c7a0000,0x000000001c8a0000)]
  0x0000000019012000 JavaThread "Cache worker for file hash cache (C:\Users\combo\.gradle\caches\6.1.1\fileHashes)" [_thread_blocked, id=11776, stack(0x000000001b3d0000,0x000000001b4d0000)]
  0x0000000019011000 JavaThread "File lock request listener" [_thread_in_native, id=5912, stack(0x000000001b2d0000,0x000000001b3d0000)]
  0x000000001900f000 JavaThread "Cache worker for journal cache (C:\Users\combo\.gradle\caches\journal-1)" [_thread_blocked, id=11100, stack(0x000000001b1d0000,0x000000001b2d0000)]
  0x0000000019010800 JavaThread "Thread-9" [_thread_blocked, id=9940, stack(0x000000001aed0000,0x000000001afd0000)]
  0x0000000019012800 JavaThread "Stdin handler" [_thread_blocked, id=428, stack(0x000000001add0000,0x000000001aed0000)]
  0x000000001900e000 JavaThread "Asynchronous log dispatcher for DefaultDaemonConnection: socket connection from /127.0.0.1:7725 to /127.0.0.1:7726" [_thread_blocked, id=11244, stack(0x000000001acd0000,0x000000001add0000)]
  0x0000000019013800 JavaThread "Daemon worker" [_thread_blocked, id=5504, stack(0x000000001abd0000,0x000000001acd0000)]
  0x000000001900d800 JavaThread "Cancel handler" [_thread_blocked, id=10960, stack(0x000000001aad0000,0x000000001abd0000)]
  0x000000001900c800 JavaThread "Handler for socket connection from /127.0.0.1:7725 to /127.0.0.1:7726" [_thread_in_native, id=9072, stack(0x000000001a7d0000,0x000000001a8d0000)]
  0x000000001900f800 JavaThread "Daemon" [_thread_blocked, id=7808, stack(0x000000001a6d0000,0x000000001a7d0000)]
  0x0000000019007800 JavaThread "Daemon periodic checks" [_thread_blocked, id=11784, stack(0x000000001a5d0000,0x000000001a6d0000)]
  0x0000000018f9d800 JavaThread "Incoming local TCP Connector on port 7725" [_thread_in_native, id=10892, stack(0x000000001a380000,0x000000001a480000)]
  0x00000000170da000 JavaThread "Daemon health stats" [_thread_blocked, id=11560, stack(0x0000000019d40000,0x0000000019e40000)]
  0x0000000016fda800 JavaThread "Service Thread" daemon [_thread_blocked, id=9428, stack(0x00000000173a0000,0x00000000174a0000)]
  0x000000001564e800 JavaThread "C1 CompilerThread2" daemon [_thread_blocked, id=4592, stack(0x0000000016ea0000,0x0000000016fa0000)]
  0x000000001563d800 JavaThread "C2 CompilerThread1" daemon [_thread_in_native, id=9268, stack(0x0000000016da0000,0x0000000016ea0000)]
=>0x000000001563b000 JavaThread "C2 CompilerThread0" daemon [_thread_in_native, id=992, stack(0x0000000016ca0000,0x0000000016da0000)]
  0x0000000015638000 JavaThread "Attach Listener" daemon [_thread_blocked, id=11668, stack(0x0000000016ba0000,0x0000000016ca0000)]
  0x0000000015636800 JavaThread "Signal Dispatcher" daemon [_thread_blocked, id=3332, stack(0x0000000016aa0000,0x0000000016ba0000)]
  0x0000000002e6c800 JavaThread "Finalizer" daemon [_thread_blocked, id=8912, stack(0x00000000168a0000,0x00000000169a0000)]
  0x0000000002e63800 JavaThread "Reference Handler" daemon [_thread_blocked, id=12148, stack(0x00000000167a0000,0x00000000168a0000)]
  0x0000000002d73800 JavaThread "main" [_thread_blocked, id=204, stack(0x0000000002c40000,0x0000000002d40000)]

Other Threads:
  0x00000000155f7000 VMThread [stack: 0x00000000166a0000,0x00000000167a0000] [id=3056]
  0x0000000016ff8000 WatcherThread [stack: 0x00000000174a0000,0x00000000175a0000] [id=2668]

VM state:not at safepoint (normal execution)

VM Mutex/Monitor currently owned by a thread: None

heap address: 0x00000000c0000000, size: 1024 MB, Compressed Oops mode: 32-bit
Narrow klass base: 0x0000000000000000, Narrow klass shift: 3
Compressed class space size: 1073741824 Address: 0x0000000100000000

Heap:
 PSYoungGen      total 319488K, used 224962K [0x00000000eab00000, 0x0000000100000000, 0x0000000100000000)
  eden space 297984K, 75% used [0x00000000eab00000,0x00000000f86b0880,0x00000000fce00000)
  from space 21504K, 0% used [0x00000000fce00000,0x00000000fce00000,0x00000000fe300000)
  to   space 28160K, 0% used [0x00000000fe480000,0x00000000fe480000,0x0000000100000000)
 ParOldGen       total 102912K, used 37308K [0x00000000c0000000, 0x00000000c6480000, 0x00000000eab00000)
  object space 102912K, 36% used [0x00000000c0000000,0x00000000c246f388,0x00000000c6480000)
 Metaspace       used 64879K, capacity 67917K, committed 68224K, reserved 1107968K
  class space    used 9076K, capacity 9737K, committed 9856K, reserved 1048576K

Card table byte_map: [0x0000000012320000,0x0000000012530000] byte_map_base: 0x0000000011d20000

Marking Bits: (ParMarkBitMap*) 0x000000006e6b6d90
 Begin Bits: [0x0000000012a90000, 0x0000000013a90000)
 End Bits:   [0x0000000013a90000, 0x0000000014a90000)

Polling page: 0x0000000002d40000

CodeCache: size=245760Kb used=26088Kb max_used=26088Kb free=219671Kb
 bounds [0x0000000002f60000, 0x0000000004900000, 0x0000000011f60000]
 total_blobs=8908 nmethods=8097 adapters=723
 compilation: enabled

Compilation events (10 events):
Event: 24.808 Thread 0x000000001564e800 nmethod 9008 0x00000000048e4c90 code [0x00000000048e4de0, 0x00000000048e4f90]
Event: 24.808 Thread 0x000000001564e800 9009       3       sun.nio.ch.FileDispatcherImpl::close (5 bytes)
Event: 24.808 Thread 0x000000001564e800 nmethod 9009 0x00000000048e53d0 code [0x00000000048e5540, 0x00000000048e56c8]
Event: 24.811 Thread 0x000000001564e800 9011       3       java.lang.Class::isSynthetic (17 bytes)
Event: 24.811 Thread 0x000000001564e800 nmethod 9011 0x00000000048e5750 code [0x00000000048e58c0, 0x00000000048e5b28]
Event: 24.811 Thread 0x000000001564e800 9012       3       java.nio.channels.Channels::checkNotNull (37 bytes)
Event: 24.812 Thread 0x000000001564e800 nmethod 9012 0x00000000048e5bd0 code [0x00000000048e5dc0, 0x00000000048e66e8]
Event: 24.814 Thread 0x000000001564e800 9013   !   3       sun.nio.fs.WindowsFileSystemProvider::newByteChannel (71 bytes)
Event: 24.815 Thread 0x000000001564e800 nmethod 9013 0x00000000048e6ad0 code [0x00000000048e6d00, 0x00000000048e7768]
Event: 24.816 Thread 0x000000001564e800 9014       3       org.objectweb.asm.MethodWriter::computeMethodInfoSize (704 bytes)

GC Heap History (10 events):
Event: 6.520 GC heap before
{Heap before GC invocations=8 (full 1):
 PSYoungGen      total 263680K, used 64820K [0x00000000eab00000, 0x00000000fc500000, 0x0000000100000000)
  eden space 250368K, 20% used [0x00000000eab00000,0x00000000edd4ee00,0x00000000f9f80000)
  from space 13312K, 99% used [0x00000000fb800000,0x00000000fc4fe388,0x00000000fc500000)
  to   space 16384K, 0% used [0x00000000fa500000,0x00000000fa500000,0x00000000fb500000)
 ParOldGen       total 50176K, used 7563K [0x00000000c0000000, 0x00000000c3100000, 0x00000000eab00000)
  object space 50176K, 15% used [0x00000000c0000000,0x00000000c0762c28,0x00000000c3100000)
 Metaspace       used 34489K, capacity 35443K, committed 35496K, reserved 1079296K
  class space    used 4834K, capacity 5120K, committed 5120K, reserved 1048576K
Event: 6.540 GC heap after
Heap after GC invocations=8 (full 1):
 PSYoungGen      total 272384K, used 9518K [0x00000000eab00000, 0x0000000100000000, 0x0000000100000000)
  eden space 256000K, 0% used [0x00000000eab00000,0x00000000eab00000,0x00000000fa500000)
  from space 16384K, 58% used [0x00000000fa500000,0x00000000fae4bbc8,0x00000000fb500000)
  to   space 15872K, 0% used [0x00000000ff080000,0x00000000ff080000,0x0000000100000000)
 ParOldGen       total 50176K, used 7571K [0x00000000c0000000, 0x00000000c3100000, 0x00000000eab00000)
  object space 50176K, 15% used [0x00000000c0000000,0x00000000c0764c28,0x00000000c3100000)
 Metaspace       used 34489K, capacity 35443K, committed 35496K, reserved 1079296K
  class space    used 4834K, capacity 5120K, committed 5120K, reserved 1048576K
}
Event: 6.540 GC heap before
{Heap before GC invocations=9 (full 2):
 PSYoungGen      total 272384K, used 9518K [0x00000000eab00000, 0x0000000100000000, 0x0000000100000000)
  eden space 256000K, 0% used [0x00000000eab00000,0x00000000eab00000,0x00000000fa500000)
  from space 16384K, 58% used [0x00000000fa500000,0x00000000fae4bbc8,0x00000000fb500000)
  to   space 15872K, 0% used [0x00000000ff080000,0x00000000ff080000,0x0000000100000000)
 ParOldGen       total 50176K, used 7571K [0x00000000c0000000, 0x00000000c3100000, 0x00000000eab00000)
  object space 50176K, 15% used [0x00000000c0000000,0x00000000c0764c28,0x00000000c3100000)
 Metaspace       used 34489K, capacity 35443K, committed 35496K, reserved 1079296K
  class space    used 4834K, capacity 5120K, committed 5120K, reserved 1048576K
Event: 6.604 GC heap after
Heap after GC invocations=9 (full 2):
 PSYoungGen      total 272384K, used 0K [0x00000000eab00000, 0x0000000100000000, 0x0000000100000000)
  eden space 256000K, 0% used [0x00000000eab00000,0x00000000eab00000,0x00000000fa500000)
  from space 16384K, 0% used [0x00000000fa500000,0x00000000fa500000,0x00000000fb500000)
  to   space 15872K, 0% used [0x00000000ff080000,0x00000000ff080000,0x0000000100000000)
 ParOldGen       total 66560K, used 16239K [0x00000000c0000000, 0x00000000c4100000, 0x00000000eab00000)
  object space 66560K, 24% used [0x00000000c0000000,0x00000000c0fdbe08,0x00000000c4100000)
 Metaspace       used 34489K, capacity 35443K, committed 35496K, reserved 1079296K
  class space    used 4834K, capacity 5120K, committed 5120K, reserved 1048576K
}
Event: 11.326 GC heap before
{Heap before GC invocations=10 (full 2):
 PSYoungGen      total 272384K, used 256000K [0x00000000eab00000, 0x0000000100000000, 0x0000000100000000)
  eden space 256000K, 100% used [0x00000000eab00000,0x00000000fa500000,0x00000000fa500000)
  from space 16384K, 0% used [0x00000000fa500000,0x00000000fa500000,0x00000000fb500000)
  to   space 15872K, 0% used [0x00000000ff080000,0x00000000ff080000,0x0000000100000000)
 ParOldGen       total 66560K, used 16239K [0x00000000c0000000, 0x00000000c4100000, 0x00000000eab00000)
  object space 66560K, 24% used [0x00000000c0000000,0x00000000c0fdbe08,0x00000000c4100000)
 Metaspace       used 54606K, capacity 56647K, committed 56832K, reserved 1097728K
  class space    used 7572K, capacity 8071K, committed 8192K, reserved 1048576K
Event: 11.359 GC heap after
Heap after GC invocations=10 (full 2):
 PSYoungGen      total 313856K, used 15852K [0x00000000eab00000, 0x0000000100000000, 0x0000000100000000)
  eden space 297984K, 0% used [0x00000000eab00000,0x00000000eab00000,0x00000000fce00000)
  from space 15872K, 99% used [0x00000000ff080000,0x00000000ffffb310,0x0000000100000000)
  to   space 25600K, 0% used [0x00000000fce00000,0x00000000fce00000,0x00000000fe700000)
 ParOldGen       total 66560K, used 32646K [0x00000000c0000000, 0x00000000c4100000, 0x00000000eab00000)
  object space 66560K, 49% used [0x00000000c0000000,0x00000000c1fe19b8,0x00000000c4100000)
 Metaspace       used 54606K, capacity 56647K, committed 56832K, reserved 1097728K
  class space    used 7572K, capacity 8071K, committed 8192K, reserved 1048576K
}
Event: 12.696 GC heap before
{Heap before GC invocations=11 (full 2):
 PSYoungGen      total 313856K, used 77235K [0x00000000eab00000, 0x0000000100000000, 0x0000000100000000)
  eden space 297984K, 20% used [0x00000000eab00000,0x00000000ee6f1c40,0x00000000fce00000)
  from space 15872K, 99% used [0x00000000ff080000,0x00000000ffffb310,0x0000000100000000)
  to   space 25600K, 0% used [0x00000000fce00000,0x00000000fce00000,0x00000000fe700000)
 ParOldGen       total 66560K, used 32646K [0x00000000c0000000, 0x00000000c4100000, 0x00000000eab00000)
  object space 66560K, 49% used [0x00000000c0000000,0x00000000c1fe19b8,0x00000000c4100000)
 Metaspace       used 56640K, capacity 58895K, committed 59136K, reserved 1099776K
  class space    used 7903K, capacity 8428K, committed 8448K, reserved 1048576K
Event: 12.725 GC heap after
Heap after GC invocations=11 (full 2):
 PSYoungGen      total 319488K, used 21217K [0x00000000eab00000, 0x0000000100000000, 0x0000000100000000)
  eden space 297984K, 0% used [0x00000000eab00000,0x00000000eab00000,0x00000000fce00000)
  from space 21504K, 98% used [0x00000000fce00000,0x00000000fe2b86e0,0x00000000fe300000)
  to   space 28160K, 0% used [0x00000000fe480000,0x00000000fe480000,0x0000000100000000)
 ParOldGen       total 66560K, used 32654K [0x00000000c0000000, 0x00000000c4100000, 0x00000000eab00000)
  object space 66560K, 49% used [0x00000000c0000000,0x00000000c1fe39b8,0x00000000c4100000)
 Metaspace       used 56640K, capacity 58895K, committed 59136K, reserved 1099776K
  class space    used 7903K, capacity 8428K, committed 8448K, reserved 1048576K
}
Event: 12.725 GC heap before
{Heap before GC invocations=12 (full 3):
 PSYoungGen      total 319488K, used 21217K [0x00000000eab00000, 0x0000000100000000, 0x0000000100000000)
  eden space 297984K, 0% used [0x00000000eab00000,0x00000000eab00000,0x00000000fce00000)
  from space 21504K, 98% used [0x00000000fce00000,0x00000000fe2b86e0,0x00000000fe300000)
  to   space 28160K, 0% used [0x00000000fe480000,0x00000000fe480000,0x0000000100000000)
 ParOldGen       total 66560K, used 32654K [0x00000000c0000000, 0x00000000c4100000, 0x00000000eab00000)
  object space 66560K, 49% used [0x00000000c0000000,0x00000000c1fe39b8,0x00000000c4100000)
 Metaspace       used 56640K, capacity 58895K, committed 59136K, reserved 1099776K
  class space    used 7903K, capacity 8428K, committed 8448K, reserved 1048576K
Event: 13.018 GC heap after
Heap after GC invocations=12 (full 3):
 PSYoungGen      total 319488K, used 0K [0x00000000eab00000, 0x0000000100000000, 0x0000000100000000)
  eden space 297984K, 0% used [0x00000000eab00000,0x00000000eab00000,0x00000000fce00000)
  from space 21504K, 0% used [0x00000000fce00000,0x00000000fce00000,0x00000000fe300000)
  to   space 28160K, 0% used [0x00000000fe480000,0x00000000fe480000,0x0000000100000000)
 ParOldGen       total 102912K, used 37308K [0x00000000c0000000, 0x00000000c6480000, 0x00000000eab00000)
  object space 102912K, 36% used [0x00000000c0000000,0x00000000c246f388,0x00000000c6480000)
 Metaspace       used 56631K, capacity 58865K, committed 59136K, reserved 1099776K
  class space    used 7900K, capacity 8423K, committed 8448K, reserved 1048576K
}

Deoptimization events (10 events):
Event: 22.110 Thread 0x000000001d346000 Uncommon trap: reason=bimorphic action=maybe_recompile pc=0x0000000003b15004 method=com.android.ide.common.symbols.SymbolTable$getSymbolByResourceType$$inlined$compareBy$1.compare(Ljava/lang/Object;Ljava/lang/Object;)I @ 13
Event: 22.110 Thread 0x000000001d346000 Uncommon trap: reason=bimorphic action=maybe_recompile pc=0x0000000003b15004 method=com.android.ide.common.symbols.SymbolTable$getSymbolByResourceType$$inlined$compareBy$1.compare(Ljava/lang/Object;Ljava/lang/Object;)I @ 13
Event: 22.110 Thread 0x000000001d346000 Uncommon trap: reason=bimorphic action=maybe_recompile pc=0x0000000003b15004 method=com.android.ide.common.symbols.SymbolTable$getSymbolByResourceType$$inlined$compareBy$1.compare(Ljava/lang/Object;Ljava/lang/Object;)I @ 13
Event: 22.110 Thread 0x000000001d346000 Uncommon trap: reason=bimorphic action=maybe_recompile pc=0x0000000003b15004 method=com.android.ide.common.symbols.SymbolTable$getSymbolByResourceType$$inlined$compareBy$1.compare(Ljava/lang/Object;Ljava/lang/Object;)I @ 13
Event: 22.118 Thread 0x000000001d345000 Uncommon trap: reason=unstable_if action=reinterpret pc=0x0000000003e7ad28 method=java.io.BufferedOutputStream.write(I)V @ 9
Event: 22.130 Thread 0x000000001d345000 Uncommon trap: reason=unstable_if action=reinterpret pc=0x0000000003546288 method=org.objectweb.asm.ByteVector.putShort(I)Lorg/objectweb/asm/ByteVector; @ 13
Event: 22.168 Thread 0x0000000019013800 Uncommon trap: reason=bimorphic action=maybe_recompile pc=0x00000000045a8568 method=com.google.common.collect.AbstractMapBasedMultimap.put(Ljava/lang/Object;Ljava/lang/Object;)Z @ 70
Event: 23.899 Thread 0x0000000019013800 Uncommon trap: reason=unstable_if action=reinterpret pc=0x00000000033eae00 method=org.gradle.internal.snapshot.PathUtil.equalChars(CCLorg/gradle/internal/snapshot/CaseSensitivity;)Z @ 11
Event: 24.176 Thread 0x000000001900f000 Uncommon trap: reason=unstable_if action=reinterpret pc=0x0000000004751f0c method=org.gradle.cache.internal.btree.FreeListBlockStore$FreeListBlock.alloc(Lorg/gradle/cache/internal/btree/Block;)V @ 149
Event: 24.241 Thread 0x000000001d33c000 Uncommon trap: reason=class_check action=maybe_recompile pc=0x0000000004745354 method=org.gradle.cache.internal.btree.FileBackedBlockStore$BlockImpl.getSize()I @ 12

Classes redefined (0 events):
No events

Internal exceptions (10 events):
Event: 24.611 Thread 0x000000001d345000 Exception <a 'sun/nio/fs/WindowsException'> (0x00000000f7a859d0) thrown at [C:\re\workspace\8-2-build-windows-amd64-cygwin\jdk8u231\13620\hotspot\src\share\vm\prims\jni.cpp, line 710]
Event: 24.638 Thread 0x000000001d348000 Exception <a 'sun/nio/fs/WindowsException'> (0x00000000f8102390) thrown at [C:\re\workspace\8-2-build-windows-amd64-cygwin\jdk8u231\13620\hotspot\src\share\vm\prims\jni.cpp, line 710]
Event: 24.671 Thread 0x0000000019013800 Exception <a 'sun/nio/fs/WindowsException'> (0x00000000f7c10060) thrown at [C:\re\workspace\8-2-build-windows-amd64-cygwin\jdk8u231\13620\hotspot\src\share\vm\prims\jni.cpp, line 710]
Event: 24.691 Thread 0x0000000019013800 Exception <a 'sun/nio/fs/WindowsException'> (0x00000000f7c751c8) thrown at [C:\re\workspace\8-2-build-windows-amd64-cygwin\jdk8u231\13620\hotspot\src\share\vm\prims\jni.cpp, line 710]
Event: 24.712 Thread 0x0000000019013800 Exception <a 'sun/nio/fs/WindowsException'> (0x00000000f7cd1cb0) thrown at [C:\re\workspace\8-2-build-windows-amd64-cygwin\jdk8u231\13620\hotspot\src\share\vm\prims\jni.cpp, line 710]
Event: 24.743 Thread 0x000000001d345000 Exception <a 'sun/nio/fs/WindowsException'> (0x00000000f8426468) thrown at [C:\re\workspace\8-2-build-windows-amd64-cygwin\jdk8u231\13620\hotspot\src\share\vm\prims\jni.cpp, line 710]
Event: 24.759 Thread 0x0000000019013800 Exception <a 'sun/nio/fs/WindowsException'> (0x00000000f7d2d9b0) thrown at [C:\re\workspace\8-2-build-windows-amd64-cygwin\jdk8u231\13620\hotspot\src\share\vm\prims\jni.cpp, line 710]
Event: 24.773 Thread 0x000000001d348000 Exception <a 'sun/nio/fs/WindowsException'> (0x00000000f8160de0) thrown at [C:\re\workspace\8-2-build-windows-amd64-cygwin\jdk8u231\13620\hotspot\src\share\vm\prims\jni.cpp, line 710]
Event: 24.804 Thread 0x000000001d345000 Exception <a 'sun/nio/fs/WindowsException'> (0x00000000f857fa98) thrown at [C:\re\workspace\8-2-build-windows-amd64-cygwin\jdk8u231\13620\hotspot\src\share\vm\prims\jni.cpp, line 710]
Event: 24.814 Thread 0x0000000019013800 Exception <a 'sun/nio/fs/WindowsException'> (0x00000000f7d898f0) thrown at [C:\re\workspace\8-2-build-windows-amd64-cygwin\jdk8u231\13620\hotspot\src\share\vm\prims\jni.cpp, line 710]

Events (10 events):
Event: 24.176 Thread 0x000000001900f000 DEOPT UNPACKING pc=0x0000000002fa583b sp=0x000000001b2cd168 mode 2
Event: 24.241 Thread 0x000000001d33c000 Uncommon trap: trap_request=0xffffffde fr.pc=0x0000000004745354
Event: 24.241 Thread 0x000000001d33c000 DEOPT PACKING pc=0x0000000004745354 sp=0x00000000208be700
Event: 24.241 Thread 0x000000001d33c000 DEOPT UNPACKING pc=0x0000000002fa583b sp=0x00000000208be698 mode 2
Event: 24.242 Executing VM operation: RevokeBias
Event: 24.242 Executing VM operation: RevokeBias done
Event: 24.753 Thread 0x000000001900f000 DEOPT PACKING pc=0x000000000476c606 sp=0x000000001b2ce690
Event: 24.757 Thread 0x000000001900f000 DEOPT UNPACKING pc=0x0000000002fa7490 sp=0x000000001b2ce3d0 mode 0
Event: 24.816 Thread 0x0000000019013800 DEOPT PACKING pc=0x0000000004640cfd sp=0x000000001acc8c30
Event: 24.816 Thread 0x0000000019013800 DEOPT UNPACKING pc=0x0000000002fa7490 sp=0x000000001acc89d8 mode 0


Dynamic libraries:
0x00007ff637820000 - 0x00007ff637857000 	C:\Program Files\Java\jdk1.8.0_231\bin\java.exe
0x00007ffaa3580000 - 0x00007ffaa376d000 	C:\Windows\SYSTEM32\ntdll.dll
0x00007ffaa0960000 - 0x00007ffaa0a13000 	C:\Windows\System32\KERNEL32.DLL
0x00007ffa9f8e0000 - 0x00007ffa9fb73000 	C:\Windows\System32\KERNELBASE.dll
0x00007ffaa1070000 - 0x00007ffaa1113000 	C:\Windows\System32\ADVAPI32.dll
0x00007ffaa0a90000 - 0x00007ffaa0b2e000 	C:\Windows\System32\msvcrt.dll
0x00007ffaa1240000 - 0x00007ffaa12de000 	C:\Windows\System32\sechost.dll
0x00007ffaa0ee0000 - 0x00007ffaa1002000 	C:\Windows\System32\RPCRT4.dll
0x00007ffaa1440000 - 0x00007ffaa15d7000 	C:\Windows\System32\USER32.dll
0x00007ffa9f8c0000 - 0x00007ffa9f8e0000 	C:\Windows\System32\win32u.dll
0x00007ffaa1410000 - 0x00007ffaa1439000 	C:\Windows\System32\GDI32.dll
0x00007ffa9fe00000 - 0x00007ffa9ff99000 	C:\Windows\System32\gdi32full.dll
0x00007ffa9fb80000 - 0x00007ffa9fc20000 	C:\Windows\System32\msvcp_win.dll
0x00007ffa9f7c0000 - 0x00007ffa9f8ba000 	C:\Windows\System32\ucrtbase.dll
0x00007ffa8a430000 - 0x00007ffa8a6a9000 	C:\Windows\WinSxS\amd64_microsoft.windows.common-controls_6595b64144ccf1df_6.0.17763.737_none_05b6437c071e554b\COMCTL32.dll
0x00007ffaa0b30000 - 0x00007ffaa0e5c000 	C:\Windows\System32\combase.dll
0x00007ffaa0720000 - 0x00007ffaa079e000 	C:\Windows\System32\bcryptPrimitives.dll
0x00007ffaa17c0000 - 0x00007ffaa17ee000 	C:\Windows\System32\IMM32.DLL
0x000000006e740000 - 0x000000006e812000 	C:\Program Files\Java\jdk1.8.0_231\jre\bin\msvcr100.dll
0x000000006de90000 - 0x000000006e736000 	C:\Program Files\Java\jdk1.8.0_231\jre\bin\server\jvm.dll
0x00007ffaa0a20000 - 0x00007ffaa0a28000 	C:\Windows\System32\PSAPI.DLL
0x00007ffa9a590000 - 0x00007ffa9a59a000 	C:\Windows\SYSTEM32\VERSION.dll
0x00007ffa7c480000 - 0x00007ffa7c489000 	C:\Windows\SYSTEM32\WSOCK32.dll
0x00007ffaa3480000 - 0x00007ffaa34ed000 	C:\Windows\System32\WS2_32.dll
0x00007ffa9d910000 - 0x00007ffa9d934000 	C:\Windows\SYSTEM32\WINMM.dll
0x00007ffa9d750000 - 0x00007ffa9d77d000 	C:\Windows\SYSTEM32\WINMMBASE.dll
0x00007ffa9f6f0000 - 0x00007ffa9f73a000 	C:\Windows\System32\cfgmgr32.dll
0x00007ffa8e0e0000 - 0x00007ffa8e0ef000 	C:\Program Files\Java\jdk1.8.0_231\jre\bin\verify.dll
0x00007ffa6f690000 - 0x00007ffa6f6b9000 	C:\Program Files\Java\jdk1.8.0_231\jre\bin\java.dll
0x00007ffa86f60000 - 0x00007ffa86f76000 	C:\Program Files\Java\jdk1.8.0_231\jre\bin\zip.dll
0x00007ffaa1a10000 - 0x00007ffaa2f02000 	C:\Windows\System32\SHELL32.dll
0x00007ffaa1960000 - 0x00007ffaa1a08000 	C:\Windows\System32\shcore.dll
0x00007ffa9ffd0000 - 0x00007ffaa071a000 	C:\Windows\System32\windows.storage.dll
0x00007ffa9f590000 - 0x00007ffa9f5b4000 	C:\Windows\System32\profapi.dll
0x00007ffa9f5c0000 - 0x00007ffa9f61d000 	C:\Windows\System32\powrprof.dll
0x00007ffaa1010000 - 0x00007ffaa1062000 	C:\Windows\System32\shlwapi.dll
0x00007ffa9f570000 - 0x00007ffa9f581000 	C:\Windows\System32\kernel.appcore.dll
0x00007ffa9f740000 - 0x00007ffa9f757000 	C:\Windows\System32\cryptsp.dll
0x00007ffa7d2a0000 - 0x00007ffa7d2ba000 	C:\Program Files\Java\jdk1.8.0_231\jre\bin\net.dll
0x00007ffa9ed80000 - 0x00007ffa9ede7000 	C:\Windows\system32\mswsock.dll
0x00007ffa6f670000 - 0x00007ffa6f682000 	C:\Program Files\Java\jdk1.8.0_231\jre\bin\nio.dll
0x00007ffa7c220000 - 0x00007ffa7c246000 	C:\Users\combo\.gradle\native\31\windows-amd64\native-platform.dll
0x00007ffa8c660000 - 0x00007ffa8c66d000 	C:\Program Files\Java\jdk1.8.0_231\jre\bin\management.dll
0x00007ffa9e900000 - 0x00007ffa9e933000 	C:\Windows\system32\rsaenh.dll
0x00007ffa9ffa0000 - 0x00007ffa9ffc6000 	C:\Windows\System32\bcrypt.dll
0x00007ffa9f470000 - 0x00007ffa9f498000 	C:\Windows\SYSTEM32\USERENV.dll
0x00007ffa9efb0000 - 0x00007ffa9efbc000 	C:\Windows\SYSTEM32\CRYPTBASE.dll
0x00007ffa9eaa0000 - 0x00007ffa9eadd000 	C:\Windows\SYSTEM32\IPHLPAPI.DLL
0x00007ffaa1230000 - 0x00007ffaa1238000 	C:\Windows\System32\NSI.dll
0x00007ffa96fd0000 - 0x00007ffa96fe6000 	C:\Windows\SYSTEM32\dhcpcsvc6.DLL
0x00007ffa96fb0000 - 0x00007ffa96fcc000 	C:\Windows\SYSTEM32\dhcpcsvc.DLL
0x00007ffa9eae0000 - 0x00007ffa9eba6000 	C:\Windows\SYSTEM32\DNSAPI.dll

VM Arguments:
jvm_args: -Xmx1536m -Dfile.encoding=windows-1251 -Duser.country=RU -Duser.language=ru -Duser.variant -Xmx1024M 
java_command: org.gradle.launcher.daemon.bootstrap.GradleDaemon 6.1.1
java_class_path (initial): C:\Users\combo\.gradle\wrapper\dists\gradle-6.1.1-all\cfmwm155h49vnt3hynmlrsdst\gradle-6.1.1\lib\gradle-launcher-6.1.1.jar
Launcher Type: SUN_STANDARD

Environment Variables:
JAVA_HOME=C:\Progra~1\Java\jdk1.8.0_231
JRE_HOME=C:\Progra~1\Java\jre1.8.0_231
_JAVA_OPTIONS=-Xmx1024M
PATH=C:\Program Files\AdoptOpenJDK\jre-11.0.7.10-hotspot\bin;C:\Perl64\bin;D:\bin;C:\android\sdk\emulator\qemu;C:\Program Files (x86)\PC Connectivity Solution\;C:\webdrivers;C:\Users\combo\.gradle\wrapper\dists\gradle-5.1.1-all\97z1ksx6lirer3kbvdnh7jtjg\gradle-5.1.1;C:\Windows\System32;C:\Progra~1\nodejs;C:\Python27;C:\Python27\Scripts;C:\Progra~1\Git\bin;C:\Ruby193\bin;C:\PROGRA~1\IMAGEM~1.8-Q;C:\Users\combo\AppData\Local\Microsoft\WindowsApps;C:\Program Files\JetBrains\IntelliJ IDEA Community Edition 2019.1.3\bin;C:\Users\combo\AppData\Roaming\npm;C:\android\sdk\tools;C:\android\sdk\platform-tools;.;C:\Windows\System32;C:\Windows\System32;C:\Windows\System32\wbem;C:\Progra~1\Java\jdk1.8.0_231\bin;C:\Progra~1\Java\jdk1.8.0_231\lib;C:\Users\combo\.gradle\wrapper\dists\gradle-5.1.1-all\97z1ksx6lirer3kbvdnh7jtjg\gradle-5.1.1\bin;C:\Progra~1\nodejs";C:\ProgramData\chocolatey\bin;C:\Program Files (x86)\EasyFrom Inc\;C:\Program Files\OpenVPN\bin;C:\OSPanel\modules\php\PHP-7.2-x64;C:\ProgramData\ComposerSetup\bin;C:\OSPanel\modules\php\PHP-7.2-x64;C:\Perl64\bin;D:\bin;C:\android\sdk\emulator\qemu;C:\Users\combo\AppData\Local\Programs\Python\Python38-32\Scripts\;C:\Users\combo\AppData\Local\Programs\Python\Python38-32\;C:\Users\combo\AppData\Local\Programs\Python\Python37-32\Scripts\;C:\Users\combo\AppData\Local\Programs\Python\Python37-32\;C:\Python27;C:\Progra~1\Git\bin;C:\Ruby193\bin;C:\PROGRA~1\IMAGEM~1.8-Q;C:\Users\combo\AppData\Local\Microsoft\WindowsApps;C:\Program Files\JetBrains\IntelliJ IDEA Community Edition 2019.1.3\bin;C:\Users\combo\AppData\Roaming\npm;C:\Progra~1\Java\jdk1.8.0_231\bin;C:\Progra~1\Java\jdk1.8.0_231\lib;C:\android\sdk\tools;C:\android\sdk\platform-tools;.;C:\Program Files (x86)\Nmap;C:\Users\combo\AppData\Roaming\Composer\vendor\bin;C:\Program Files\JetBrains\IntelliJ IDEA 2019.3.2\bin;;C:\Program Files\JetBrains\IntelliJ IDEA Community Edition 2020.1\bin;
USERNAME=combo
OS=Windows_NT
PROCESSOR_IDENTIFIER=Intel64 Family 6 Model 158 Stepping 10, GenuineIntel



---------------  S Y S T E M  ---------------

OS: Windows 10.0 , 64 bit Build 17763 (10.0.17763.475)

CPU:total 4 (initial active 4) (2 cores per cpu, 2 threads per core) family 6 model 158 stepping 10, cmov, cx8, fxsr, mmx, sse, sse2, sse3, ssse3, sse4.1, sse4.2, popcnt, aes, clmul, erms, 3dnowpref, lzcnt, ht, tsc, tscinvbit

Memory: 4k page, physical 8255776k(455328k free), swap 12450080k(5176k free)

vm_info: Java HotSpot(TM) 64-Bit Server VM (25.231-b11) for windows-amd64 JRE (1.8.0_231-b11), built on Oct  5 2019 03:11:30 by "java_re" with MS VC++ 10.0 (VS2010)

time: Thu Jul 16 19:43:18 2020
timezone: Багдадское время (зима)
elapsed time: 24 seconds (0d 0h 0m 24s)

